2019-03-05 22:12:40,962 [main] INFO  org.mule.module.launcher.application.DefaultMuleApplication - 
++++++++++++++++++++++++++++++++++++++++++++++++++++++++++++
+ Initializing app 'vmproject'                             +
++++++++++++++++++++++++++++++++++++++++++++++++++++++++++++
2019-03-05 22:12:41,406 [main] INFO  org.mule.lifecycle.AbstractLifecycleManager - Initialising RegistryBroker
2019-03-05 22:12:41,572 [main] INFO  org.mule.module.extension.internal.manager.DefaultExtensionManager - Starting discovery of extensions
2019-03-05 22:12:41,710 [main] INFO  org.mule.module.extension.internal.manager.DefaultExtensionManager - Discovered 1 extensions
2019-03-05 22:12:41,710 [main] INFO  org.mule.module.extension.internal.manager.DefaultExtensionManager - Registering extension validation (version 3.7)
2019-03-05 22:12:41,784 [main] INFO  org.mule.config.spring.MuleArtifactContext - Refreshing org.mule.config.spring.MuleArtifactContext@54dcfa5a: startup date [Tue Mar 05 22:12:41 GMT 2019]; root of context hierarchy
2019-03-05 22:12:43,343 [main] INFO  org.mule.config.spring.processors.NoDevkitInjectorProcessor - JSR-330 'javax.inject.Inject' annotation found and supported for autowiring
2019-03-05 22:12:44,364 [main] WARN  org.mule.module.ognl.expression.OgnlExpressionEvaluator - OGNL module is deprecated and will be removed in Mule 4.0. Use MEL expressions instead.
2019-03-05 22:12:45,446 [main] INFO  org.mule.lifecycle.AbstractLifecycleManager - Initialising model: _muleSystemModel
2019-03-05 22:12:45,455 [main] INFO  org.mule.construct.FlowConstructLifecycleManager - Initialising flow: vmprojectFlow
2019-03-05 22:12:45,456 [main] INFO  org.mule.exception.DefaultMessagingExceptionStrategy - Initialising exception listener: org.mule.exception.DefaultMessagingExceptionStrategy@1907874b
2019-03-05 22:12:45,491 [main] INFO  org.mule.processor.SedaStageLifecycleManager - Initialising service: vmprojectFlow.stage1
2019-03-05 22:12:45,505 [main] INFO  org.mule.construct.FlowConstructLifecycleManager - Initialising flow: vmprojectFlow1
2019-03-05 22:12:45,509 [main] INFO  org.mule.exception.DefaultMessagingExceptionStrategy - Initialising exception listener: org.mule.exception.DefaultMessagingExceptionStrategy@59dc36d4
2019-03-05 22:12:45,519 [main] INFO  org.mule.processor.SedaStageLifecycleManager - Initialising service: vmprojectFlow1.stage1
2019-03-05 22:12:45,542 [main] INFO  org.mule.util.journal.TransactionJournal - Using files for tx logs C:\Mule Practise\Pradyu\.mule\.\.mule\vmproject\queue-tx-log\tx1.log and C:\Mule Practise\Pradyu\.mule\.\.mule\vmproject\queue-tx-log\tx2.log
2019-03-05 22:12:45,554 [main] INFO  org.mule.util.journal.TransactionJournal - Using files for tx logs C:\Mule Practise\Pradyu\.mule\.\.mule\vmproject\queue-xa-tx-log\tx1.log and C:\Mule Practise\Pradyu\.mule\.\.mule\vmproject\queue-xa-tx-log\tx2.log
2019-03-05 22:12:45,889 [main] INFO  org.mule.config.spring.SpringXmlConfigurationBuilder - Configured Mule using "org.mule.config.spring.SpringXmlConfigurationBuilder" with configuration resource(s): "[ConfigResource{resourceName='C:\Mule Practise\Pradyu\.mule\apps\vmproject\vmproject.xml'}]"
2019-03-05 22:12:45,890 [main] INFO  org.mule.config.builders.AutoConfigurationBuilder - Configured Mule using "org.mule.config.builders.AutoConfigurationBuilder" with configuration resource(s): "[ConfigResource{resourceName='C:\Mule Practise\Pradyu\.mule\apps\vmproject\vmproject.xml'}]"
2019-03-05 22:12:45,891 [main] INFO  org.mule.module.launcher.application.DefaultMuleApplication - 
++++++++++++++++++++++++++++++++++++++++++++++++++++++++++++
+ Starting app 'vmproject'                                 +
++++++++++++++++++++++++++++++++++++++++++++++++++++++++++++
2019-03-05 22:12:45,895 [main] INFO  org.mule.util.queue.QueueXaResourceManager - Starting ResourceManager
2019-03-05 22:12:45,895 [main] INFO  org.mule.util.queue.QueueXaResourceManager - Started ResourceManager
2019-03-05 22:12:45,975 [main] INFO  org.mule.module.http.internal.listener.DefaultHttpListenerConfig - Listening for requests on http://0.0.0.0:8081
2019-03-05 22:12:45,982 [main] INFO  org.mule.modules.oauth2.provider.agents.DefaultSplashScreenAgent - 
++++++++++++++++++++++++++++++++++++++++++++++++++++++++++++++++++++++++++++++++
+ DevKit Extensions (0) used in this application 
                             +
++++++++++++++++++++++++++++++++++++++++++++++++++++++++++++++++++++++++++++++++
2019-03-05 22:12:45,984 [main] INFO  org.mule.lifecycle.AbstractLifecycleManager - Starting model: _muleSystemModel
2019-03-05 22:12:45,987 [main] INFO  org.mule.construct.FlowConstructLifecycleManager - Starting flow: vmprojectFlow
2019-03-05 22:12:45,989 [main] INFO  org.mule.processor.SedaStageLifecycleManager - Starting service: vmprojectFlow.stage1
2019-03-05 22:12:45,998 [main] INFO  org.mule.construct.FlowConstructLifecycleManager - Starting flow: vmprojectFlow1
2019-03-05 22:12:45,998 [main] INFO  org.mule.processor.SedaStageLifecycleManager - Starting service: vmprojectFlow1.stage1
2019-03-05 22:12:46,059 [main] INFO  org.mule.module.management.agent.WrapperManagerAgent - This JVM hasn't been launched by the wrapper, the agent will not run.
2019-03-05 22:12:46,102 [main] INFO  org.mule.DefaultMuleContext - 
**********************************************************************
* Application: vmproject                                             *
* OS encoding: \, Mule encoding: UTF-8                               *
*                                                                    *
* Agents Running:                                                    *
*   JMX Agent                                                        *
*   DevKit Extension Information                                     *
*   Batch module default engine                                      *
*   Wrapper Manager                                                  *
**********************************************************************
2019-03-05 22:14:11,323 [Mule.app.deployer.monitor.1.thread.1] INFO  org.mule.module.launcher.application.DefaultMuleApplication - 
++++++++++++++++++++++++++++++++++++++++++++++++++++++++++++
+ Stopping app 'vmproject'                                 +
++++++++++++++++++++++++++++++++++++++++++++++++++++++++++++
2019-03-05 22:14:11,326 [Mule.app.deployer.monitor.1.thread.1] INFO  org.mule.construct.FlowConstructLifecycleManager - Stopping flow: vmprojectFlow
2019-03-05 22:14:11,330 [Mule.app.deployer.monitor.1.thread.1] INFO  org.mule.processor.SedaStageLifecycleManager - Stopping service: vmprojectFlow.stage1
2019-03-05 22:14:11,339 [Mule.app.deployer.monitor.1.thread.1] INFO  org.mule.construct.FlowConstructLifecycleManager - Stopping flow: vmprojectFlow1
2019-03-05 22:14:11,339 [Mule.app.deployer.monitor.1.thread.1] INFO  org.mule.processor.SedaStageLifecycleManager - Stopping service: vmprojectFlow1.stage1
2019-03-05 22:14:11,542 [Mule.app.deployer.monitor.1.thread.1] INFO  org.mule.lifecycle.AbstractLifecycleManager - Stopping model: _muleSystemModel
2019-03-05 22:14:11,555 [Mule.app.deployer.monitor.1.thread.1] INFO  org.mule.module.http.internal.listener.DefaultHttpListenerConfig - Stopped listener on http://0.0.0.0:8081
2019-03-05 22:14:11,556 [Mule.app.deployer.monitor.1.thread.1] INFO  org.mule.util.queue.QueueXaResourceManager - Stopping ResourceManager
2019-03-05 22:14:11,560 [Mule.app.deployer.monitor.1.thread.1] INFO  org.mule.util.queue.QueueXaResourceManager - Stopped ResourceManager
2019-03-05 22:14:11,568 [Mule.app.deployer.monitor.1.thread.1] INFO  org.mule.module.launcher.application.DefaultMuleApplication - 
++++++++++++++++++++++++++++++++++++++++++++++++++++++++++++
+ Disposing app 'vmproject'                                +
++++++++++++++++++++++++++++++++++++++++++++++++++++++++++++
2019-03-05 22:14:11,571 [Mule.app.deployer.monitor.1.thread.1] INFO  org.mule.lifecycle.AbstractLifecycleManager - Disposing RegistryBroker
2019-03-05 22:14:11,583 [Mule.app.deployer.monitor.1.thread.1] INFO  org.mule.construct.FlowConstructLifecycleManager - Disposing flow: vmprojectFlow
2019-03-05 22:14:11,588 [Mule.app.deployer.monitor.1.thread.1] INFO  org.mule.processor.SedaStageLifecycleManager - Disposing service: vmprojectFlow.stage1
2019-03-05 22:14:11,633 [Mule.app.deployer.monitor.1.thread.1] INFO  org.mule.construct.FlowConstructLifecycleManager - Disposing flow: vmprojectFlow1
2019-03-05 22:14:11,638 [Mule.app.deployer.monitor.1.thread.1] INFO  org.mule.processor.SedaStageLifecycleManager - Disposing service: vmprojectFlow1.stage1
2019-03-05 22:14:11,646 [Mule.app.deployer.monitor.1.thread.1] INFO  org.mule.lifecycle.AbstractLifecycleManager - Disposing model: _muleSystemModel
2019-03-05 22:14:11,886 [Mule.app.deployer.monitor.1.thread.1] INFO  org.mule.config.spring.MuleArtifactContext - Closing org.mule.config.spring.MuleArtifactContext@54dcfa5a: startup date [Tue Mar 05 22:12:41 GMT 2019]; root of context hierarchy
2019-03-05 22:14:11,950 [Mule.app.deployer.monitor.1.thread.1] INFO  org.mule.DefaultMuleContext - 
**********************************************************************
* Application "vmproject" shut down normally on: 5/3/19 10:14 PM     *
* Up for: 0 days, 0 hours, 1 mins, 26.57 sec                         *
**********************************************************************
2019-03-05 22:14:12,307 [Mule.app.deployer.monitor.1.thread.1] INFO  org.mule.module.launcher.application.DefaultMuleApplication - 
++++++++++++++++++++++++++++++++++++++++++++++++++++++++++++
+ Initializing app 'vmproject'                             +
++++++++++++++++++++++++++++++++++++++++++++++++++++++++++++
2019-03-05 22:14:12,326 [Mule.app.deployer.monitor.1.thread.1] INFO  org.mule.lifecycle.AbstractLifecycleManager - Initialising RegistryBroker
2019-03-05 22:14:12,368 [Mule.app.deployer.monitor.1.thread.1] INFO  org.mule.module.extension.internal.manager.DefaultExtensionManager - Starting discovery of extensions
2019-03-05 22:14:12,411 [Mule.app.deployer.monitor.1.thread.1] INFO  org.mule.module.extension.internal.manager.DefaultExtensionManager - Discovered 1 extensions
2019-03-05 22:14:12,411 [Mule.app.deployer.monitor.1.thread.1] INFO  org.mule.module.extension.internal.manager.DefaultExtensionManager - Registering extension validation (version 3.7)
2019-03-05 22:14:12,419 [Mule.app.deployer.monitor.1.thread.1] INFO  org.mule.config.spring.MuleArtifactContext - Refreshing org.mule.config.spring.MuleArtifactContext@6a22b8b2: startup date [Tue Mar 05 22:14:12 GMT 2019]; root of context hierarchy
2019-03-05 22:14:13,262 [Mule.app.deployer.monitor.1.thread.1] INFO  org.mule.config.spring.processors.NoDevkitInjectorProcessor - JSR-330 'javax.inject.Inject' annotation found and supported for autowiring
2019-03-05 22:14:13,596 [Mule.app.deployer.monitor.1.thread.1] INFO  org.mule.lifecycle.AbstractLifecycleManager - Initialising model: _muleSystemModel
2019-03-05 22:14:13,598 [Mule.app.deployer.monitor.1.thread.1] INFO  org.mule.construct.FlowConstructLifecycleManager - Initialising flow: vmprojectFlow
2019-03-05 22:14:13,599 [Mule.app.deployer.monitor.1.thread.1] INFO  org.mule.exception.DefaultMessagingExceptionStrategy - Initialising exception listener: org.mule.exception.DefaultMessagingExceptionStrategy@10c22e3b
2019-03-05 22:14:13,611 [Mule.app.deployer.monitor.1.thread.1] INFO  org.mule.processor.SedaStageLifecycleManager - Initialising service: vmprojectFlow.stage1
2019-03-05 22:14:13,613 [Mule.app.deployer.monitor.1.thread.1] INFO  org.mule.construct.FlowConstructLifecycleManager - Initialising flow: vmprojectFlow1
2019-03-05 22:14:13,613 [Mule.app.deployer.monitor.1.thread.1] INFO  org.mule.exception.DefaultMessagingExceptionStrategy - Initialising exception listener: org.mule.exception.DefaultMessagingExceptionStrategy@582ef9e0
2019-03-05 22:14:13,623 [Mule.app.deployer.monitor.1.thread.1] INFO  org.mule.processor.SedaStageLifecycleManager - Initialising service: vmprojectFlow1.stage1
2019-03-05 22:14:13,627 [Mule.app.deployer.monitor.1.thread.1] INFO  org.mule.util.journal.TransactionJournal - Using files for tx logs C:\Mule Practise\Pradyu\.mule\.\.mule\vmproject\queue-tx-log\tx1.log and C:\Mule Practise\Pradyu\.mule\.\.mule\vmproject\queue-tx-log\tx2.log
2019-03-05 22:14:13,633 [Mule.app.deployer.monitor.1.thread.1] INFO  org.mule.util.journal.TransactionJournal - Using files for tx logs C:\Mule Practise\Pradyu\.mule\.\.mule\vmproject\queue-xa-tx-log\tx1.log and C:\Mule Practise\Pradyu\.mule\.\.mule\vmproject\queue-xa-tx-log\tx2.log
2019-03-05 22:14:13,698 [Mule.app.deployer.monitor.1.thread.1] INFO  org.mule.config.spring.SpringXmlConfigurationBuilder - Configured Mule using "org.mule.config.spring.SpringXmlConfigurationBuilder" with configuration resource(s): "[ConfigResource{resourceName='C:\Mule Practise\Pradyu\.mule\apps\vmproject\vmproject.xml'}]"
2019-03-05 22:14:13,699 [Mule.app.deployer.monitor.1.thread.1] INFO  org.mule.config.builders.AutoConfigurationBuilder - Configured Mule using "org.mule.config.builders.AutoConfigurationBuilder" with configuration resource(s): "[ConfigResource{resourceName='C:\Mule Practise\Pradyu\.mule\apps\vmproject\vmproject.xml'}]"
2019-03-05 22:14:13,699 [Mule.app.deployer.monitor.1.thread.1] INFO  org.mule.module.launcher.application.DefaultMuleApplication - 
++++++++++++++++++++++++++++++++++++++++++++++++++++++++++++
+ Starting app 'vmproject'                                 +
++++++++++++++++++++++++++++++++++++++++++++++++++++++++++++
2019-03-05 22:14:13,702 [Mule.app.deployer.monitor.1.thread.1] INFO  org.mule.util.queue.QueueXaResourceManager - Starting ResourceManager
2019-03-05 22:14:13,702 [Mule.app.deployer.monitor.1.thread.1] INFO  org.mule.util.queue.QueueXaResourceManager - Started ResourceManager
2019-03-05 22:14:13,734 [Mule.app.deployer.monitor.1.thread.1] INFO  org.mule.module.http.internal.listener.DefaultHttpListenerConfig - Listening for requests on http://0.0.0.0:8081
2019-03-05 22:14:13,735 [Mule.app.deployer.monitor.1.thread.1] INFO  org.mule.modules.oauth2.provider.agents.DefaultSplashScreenAgent - 
++++++++++++++++++++++++++++++++++++++++++++++++++++++++++++++++++++++++++++++++
+ DevKit Extensions (0) used in this application 
                             +
++++++++++++++++++++++++++++++++++++++++++++++++++++++++++++++++++++++++++++++++
2019-03-05 22:14:13,735 [Mule.app.deployer.monitor.1.thread.1] INFO  org.mule.lifecycle.AbstractLifecycleManager - Starting model: _muleSystemModel
2019-03-05 22:14:13,741 [Mule.app.deployer.monitor.1.thread.1] INFO  org.mule.construct.FlowConstructLifecycleManager - Starting flow: vmprojectFlow
2019-03-05 22:14:13,742 [Mule.app.deployer.monitor.1.thread.1] INFO  org.mule.processor.SedaStageLifecycleManager - Starting service: vmprojectFlow.stage1
2019-03-05 22:14:13,747 [Mule.app.deployer.monitor.1.thread.1] INFO  org.mule.construct.FlowConstructLifecycleManager - Starting flow: vmprojectFlow1
2019-03-05 22:14:13,747 [Mule.app.deployer.monitor.1.thread.1] INFO  org.mule.processor.SedaStageLifecycleManager - Starting service: vmprojectFlow1.stage1
2019-03-05 22:14:13,769 [Mule.app.deployer.monitor.1.thread.1] INFO  org.mule.module.management.agent.WrapperManagerAgent - This JVM hasn't been launched by the wrapper, the agent will not run.
2019-03-05 22:14:13,789 [Mule.app.deployer.monitor.1.thread.1] INFO  org.mule.DefaultMuleContext - 
**********************************************************************
* Application: vmproject                                             *
* OS encoding: \, Mule encoding: UTF-8                               *
*                                                                    *
* Agents Running:                                                    *
*   JMX Agent                                                        *
*   DevKit Extension Information                                     *
*   Batch module default engine                                      *
*   Wrapper Manager                                                  *
**********************************************************************
2019-03-05 22:14:27,425 [main] INFO  org.mule.module.launcher.application.DefaultMuleApplication - 
++++++++++++++++++++++++++++++++++++++++++++++++++++++++++++
+ Initializing app 'vmproject'                             +
++++++++++++++++++++++++++++++++++++++++++++++++++++++++++++
2019-03-05 22:14:27,887 [main] INFO  org.mule.lifecycle.AbstractLifecycleManager - Initialising RegistryBroker
2019-03-05 22:14:28,050 [main] INFO  org.mule.module.extension.internal.manager.DefaultExtensionManager - Starting discovery of extensions
2019-03-05 22:14:28,206 [main] INFO  org.mule.module.extension.internal.manager.DefaultExtensionManager - Discovered 1 extensions
2019-03-05 22:14:28,207 [main] INFO  org.mule.module.extension.internal.manager.DefaultExtensionManager - Registering extension validation (version 3.7)
2019-03-05 22:14:28,278 [main] INFO  org.mule.config.spring.MuleArtifactContext - Refreshing org.mule.config.spring.MuleArtifactContext@54dcfa5a: startup date [Tue Mar 05 22:14:28 GMT 2019]; root of context hierarchy
2019-03-05 22:14:29,906 [main] INFO  org.mule.config.spring.processors.NoDevkitInjectorProcessor - JSR-330 'javax.inject.Inject' annotation found and supported for autowiring
2019-03-05 22:14:30,915 [main] WARN  org.mule.module.ognl.expression.OgnlExpressionEvaluator - OGNL module is deprecated and will be removed in Mule 4.0. Use MEL expressions instead.
2019-03-05 22:14:31,938 [main] INFO  org.mule.lifecycle.AbstractLifecycleManager - Initialising model: _muleSystemModel
2019-03-05 22:14:31,944 [main] INFO  org.mule.construct.FlowConstructLifecycleManager - Initialising flow: vmprojectFlow
2019-03-05 22:14:31,944 [main] INFO  org.mule.exception.DefaultMessagingExceptionStrategy - Initialising exception listener: org.mule.exception.DefaultMessagingExceptionStrategy@5b3a7ef5
2019-03-05 22:14:31,999 [main] INFO  org.mule.processor.SedaStageLifecycleManager - Initialising service: vmprojectFlow.stage1
2019-03-05 22:14:32,009 [main] INFO  org.mule.construct.FlowConstructLifecycleManager - Initialising flow: vmprojectFlow1
2019-03-05 22:14:32,011 [main] INFO  org.mule.exception.DefaultMessagingExceptionStrategy - Initialising exception listener: org.mule.exception.DefaultMessagingExceptionStrategy@5679e96b
2019-03-05 22:14:32,015 [main] INFO  org.mule.processor.SedaStageLifecycleManager - Initialising service: vmprojectFlow1.stage1
2019-03-05 22:14:32,034 [main] INFO  org.mule.util.journal.TransactionJournal - Using files for tx logs C:\Mule Practise\Pradyu\.mule\.\.mule\vmproject\queue-tx-log\tx1.log and C:\Mule Practise\Pradyu\.mule\.\.mule\vmproject\queue-tx-log\tx2.log
2019-03-05 22:14:32,045 [main] INFO  org.mule.util.journal.TransactionJournal - Using files for tx logs C:\Mule Practise\Pradyu\.mule\.\.mule\vmproject\queue-xa-tx-log\tx1.log and C:\Mule Practise\Pradyu\.mule\.\.mule\vmproject\queue-xa-tx-log\tx2.log
2019-03-05 22:14:32,398 [main] INFO  org.mule.config.spring.SpringXmlConfigurationBuilder - Configured Mule using "org.mule.config.spring.SpringXmlConfigurationBuilder" with configuration resource(s): "[ConfigResource{resourceName='C:\Mule Practise\Pradyu\.mule\apps\vmproject\vmproject.xml'}]"
2019-03-05 22:14:32,399 [main] INFO  org.mule.config.builders.AutoConfigurationBuilder - Configured Mule using "org.mule.config.builders.AutoConfigurationBuilder" with configuration resource(s): "[ConfigResource{resourceName='C:\Mule Practise\Pradyu\.mule\apps\vmproject\vmproject.xml'}]"
2019-03-05 22:14:32,402 [main] INFO  org.mule.module.launcher.application.DefaultMuleApplication - 
++++++++++++++++++++++++++++++++++++++++++++++++++++++++++++
+ Starting app 'vmproject'                                 +
++++++++++++++++++++++++++++++++++++++++++++++++++++++++++++
2019-03-05 22:14:32,403 [main] INFO  org.mule.util.queue.QueueXaResourceManager - Starting ResourceManager
2019-03-05 22:14:32,406 [main] INFO  org.mule.util.queue.QueueXaResourceManager - Started ResourceManager
2019-03-05 22:14:32,474 [main] INFO  org.mule.module.http.internal.listener.DefaultHttpListenerConfig - Listening for requests on http://0.0.0.0:8081
2019-03-05 22:14:32,491 [main] INFO  org.mule.modules.oauth2.provider.agents.DefaultSplashScreenAgent - 
++++++++++++++++++++++++++++++++++++++++++++++++++++++++++++++++++++++++++++++++
+ DevKit Extensions (0) used in this application 
                             +
++++++++++++++++++++++++++++++++++++++++++++++++++++++++++++++++++++++++++++++++
2019-03-05 22:14:32,494 [main] INFO  org.mule.lifecycle.AbstractLifecycleManager - Starting model: _muleSystemModel
2019-03-05 22:14:32,496 [main] INFO  org.mule.construct.FlowConstructLifecycleManager - Starting flow: vmprojectFlow
2019-03-05 22:14:32,496 [main] INFO  org.mule.processor.SedaStageLifecycleManager - Starting service: vmprojectFlow.stage1
2019-03-05 22:14:32,507 [main] INFO  org.mule.construct.FlowConstructLifecycleManager - Starting flow: vmprojectFlow1
2019-03-05 22:14:32,507 [main] INFO  org.mule.processor.SedaStageLifecycleManager - Starting service: vmprojectFlow1.stage1
2019-03-05 22:14:32,571 [main] INFO  org.mule.module.management.agent.WrapperManagerAgent - This JVM hasn't been launched by the wrapper, the agent will not run.
2019-03-05 22:14:32,809 [main] INFO  org.mule.DefaultMuleContext - 
**********************************************************************
* Application: vmproject                                             *
* OS encoding: \, Mule encoding: UTF-8                               *
*                                                                    *
* Agents Running:                                                    *
*   JMX Agent                                                        *
*   DevKit Extension Information                                     *
*   Batch module default engine                                      *
*   Wrapper Manager                                                  *
**********************************************************************
2019-03-05 22:14:38,331 [[vmproject].HTTP_Listener_Configuration.worker.01] INFO  org.mule.api.processor.LoggerMessageProcessor - 
org.mule.DefaultMuleMessage
{
  id=10e1e460-3f94-11e9-9372-505bc20292f5
  payload=java.lang.String
  correlationId=<not set>
  correlationGroup=-1
  correlationSeq=-1
  encoding=UTF-8
  exceptionPayload=<not set>

Message properties:
  INVOCATION scoped properties:
  INBOUND scoped properties:
    accept=*/*
    accept-encoding=gzip, deflate
    cache-control=no-cache
    connection=keep-alive
    content-type=text/plain
    host=localhost:8081
    http.listener.path=/flow
    http.method=GET
    http.query.params=ParameterMap{[]}
    http.query.string=
    http.relative.path=/flow
    http.remote.address=/127.0.0.1:58033
    http.request.path=/flow
    http.request.uri=/flow
    http.scheme=http
    http.uri.params=ParameterMap{[]}
    http.version=HTTP/1.1
    postman-token=38e9ca4c-0ccb-48e5-af4d-9f7e7ddab103
    user-agent=PostmanRuntime/7.6.1
  OUTBOUND scoped properties:
  SESSION scoped properties:
}
2019-03-05 22:15:28,010 [Mule.app.deployer.monitor.1.thread.1] INFO  org.mule.module.launcher.application.DefaultMuleApplication - 
++++++++++++++++++++++++++++++++++++++++++++++++++++++++++++
+ Stopping app 'vmproject'                                 +
++++++++++++++++++++++++++++++++++++++++++++++++++++++++++++
2019-03-05 22:15:28,012 [Mule.app.deployer.monitor.1.thread.1] INFO  org.mule.construct.FlowConstructLifecycleManager - Stopping flow: vmprojectFlow
2019-03-05 22:15:28,017 [Mule.app.deployer.monitor.1.thread.1] INFO  org.mule.processor.SedaStageLifecycleManager - Stopping service: vmprojectFlow.stage1
2019-03-05 22:15:28,208 [Mule.app.deployer.monitor.1.thread.1] INFO  org.mule.construct.FlowConstructLifecycleManager - Stopping flow: vmprojectFlow1
2019-03-05 22:15:28,208 [Mule.app.deployer.monitor.1.thread.1] INFO  org.mule.processor.SedaStageLifecycleManager - Stopping service: vmprojectFlow1.stage1
2019-03-05 22:15:28,219 [Mule.app.deployer.monitor.1.thread.1] INFO  org.mule.lifecycle.AbstractLifecycleManager - Stopping model: _muleSystemModel
2019-03-05 22:15:28,234 [Mule.app.deployer.monitor.1.thread.1] INFO  org.mule.module.http.internal.listener.DefaultHttpListenerConfig - Stopped listener on http://0.0.0.0:8081
2019-03-05 22:15:28,238 [Mule.app.deployer.monitor.1.thread.1] INFO  org.mule.util.queue.QueueXaResourceManager - Stopping ResourceManager
2019-03-05 22:15:28,238 [Mule.app.deployer.monitor.1.thread.1] INFO  org.mule.util.queue.QueueXaResourceManager - Stopped ResourceManager
2019-03-05 22:15:28,250 [Mule.app.deployer.monitor.1.thread.1] INFO  org.mule.module.launcher.application.DefaultMuleApplication - 
++++++++++++++++++++++++++++++++++++++++++++++++++++++++++++
+ Disposing app 'vmproject'                                +
++++++++++++++++++++++++++++++++++++++++++++++++++++++++++++
2019-03-05 22:15:28,252 [Mule.app.deployer.monitor.1.thread.1] INFO  org.mule.lifecycle.AbstractLifecycleManager - Disposing RegistryBroker
2019-03-05 22:15:28,256 [Mule.app.deployer.monitor.1.thread.1] INFO  org.mule.construct.FlowConstructLifecycleManager - Disposing flow: vmprojectFlow
2019-03-05 22:15:28,258 [Mule.app.deployer.monitor.1.thread.1] INFO  org.mule.processor.SedaStageLifecycleManager - Disposing service: vmprojectFlow.stage1
2019-03-05 22:15:28,264 [Mule.app.deployer.monitor.1.thread.1] INFO  org.mule.construct.FlowConstructLifecycleManager - Disposing flow: vmprojectFlow1
2019-03-05 22:15:28,265 [Mule.app.deployer.monitor.1.thread.1] INFO  org.mule.processor.SedaStageLifecycleManager - Disposing service: vmprojectFlow1.stage1
2019-03-05 22:15:28,271 [Mule.app.deployer.monitor.1.thread.1] INFO  org.mule.lifecycle.AbstractLifecycleManager - Disposing model: _muleSystemModel
2019-03-05 22:15:28,500 [Mule.app.deployer.monitor.1.thread.1] INFO  org.mule.config.spring.MuleArtifactContext - Closing org.mule.config.spring.MuleArtifactContext@54dcfa5a: startup date [Tue Mar 05 22:14:28 GMT 2019]; root of context hierarchy
2019-03-05 22:15:28,615 [Mule.app.deployer.monitor.1.thread.1] INFO  org.mule.DefaultMuleContext - 
**********************************************************************
* Application "vmproject" shut down normally on: 5/3/19 10:15 PM     *
* Up for: 0 days, 0 hours, 0 mins, 56.211 sec                        *
**********************************************************************
2019-03-05 22:15:29,006 [Mule.app.deployer.monitor.1.thread.1] INFO  org.mule.module.launcher.application.DefaultMuleApplication - 
++++++++++++++++++++++++++++++++++++++++++++++++++++++++++++
+ Initializing app 'vmproject'                             +
++++++++++++++++++++++++++++++++++++++++++++++++++++++++++++
2019-03-05 22:15:29,014 [Mule.app.deployer.monitor.1.thread.1] INFO  org.mule.lifecycle.AbstractLifecycleManager - Initialising RegistryBroker
2019-03-05 22:15:29,023 [Mule.app.deployer.monitor.1.thread.1] INFO  org.mule.module.extension.internal.manager.DefaultExtensionManager - Starting discovery of extensions
2019-03-05 22:15:29,044 [Mule.app.deployer.monitor.1.thread.1] INFO  org.mule.module.extension.internal.manager.DefaultExtensionManager - Discovered 1 extensions
2019-03-05 22:15:29,044 [Mule.app.deployer.monitor.1.thread.1] INFO  org.mule.module.extension.internal.manager.DefaultExtensionManager - Registering extension validation (version 3.7)
2019-03-05 22:15:29,051 [Mule.app.deployer.monitor.1.thread.1] INFO  org.mule.config.spring.MuleArtifactContext - Refreshing org.mule.config.spring.MuleArtifactContext@4474b3d9: startup date [Tue Mar 05 22:15:29 GMT 2019]; root of context hierarchy
2019-03-05 22:15:29,433 [Mule.app.deployer.monitor.1.thread.1] INFO  org.mule.config.spring.processors.NoDevkitInjectorProcessor - JSR-330 'javax.inject.Inject' annotation found and supported for autowiring
2019-03-05 22:15:29,630 [Mule.app.deployer.monitor.1.thread.1] INFO  org.mule.lifecycle.AbstractLifecycleManager - Initialising model: _muleSystemModel
2019-03-05 22:15:29,633 [Mule.app.deployer.monitor.1.thread.1] INFO  org.mule.construct.FlowConstructLifecycleManager - Initialising flow: vmprojectFlow
2019-03-05 22:15:29,633 [Mule.app.deployer.monitor.1.thread.1] INFO  org.mule.exception.DefaultMessagingExceptionStrategy - Initialising exception listener: org.mule.exception.DefaultMessagingExceptionStrategy@1fdb0d14
2019-03-05 22:15:29,644 [Mule.app.deployer.monitor.1.thread.1] INFO  org.mule.processor.SedaStageLifecycleManager - Initialising service: vmprojectFlow.stage1
2019-03-05 22:15:29,645 [Mule.app.deployer.monitor.1.thread.1] INFO  org.mule.construct.FlowConstructLifecycleManager - Initialising flow: vmprojectFlow1
2019-03-05 22:15:29,646 [Mule.app.deployer.monitor.1.thread.1] INFO  org.mule.exception.DefaultMessagingExceptionStrategy - Initialising exception listener: org.mule.exception.DefaultMessagingExceptionStrategy@18261308
2019-03-05 22:15:29,656 [Mule.app.deployer.monitor.1.thread.1] INFO  org.mule.processor.SedaStageLifecycleManager - Initialising service: vmprojectFlow1.stage1
2019-03-05 22:15:29,661 [Mule.app.deployer.monitor.1.thread.1] INFO  org.mule.util.journal.TransactionJournal - Using files for tx logs C:\Mule Practise\Pradyu\.mule\.\.mule\vmproject\queue-tx-log\tx1.log and C:\Mule Practise\Pradyu\.mule\.\.mule\vmproject\queue-tx-log\tx2.log
2019-03-05 22:15:29,663 [Mule.app.deployer.monitor.1.thread.1] INFO  org.mule.util.journal.TransactionJournal - Using files for tx logs C:\Mule Practise\Pradyu\.mule\.\.mule\vmproject\queue-xa-tx-log\tx1.log and C:\Mule Practise\Pradyu\.mule\.\.mule\vmproject\queue-xa-tx-log\tx2.log
2019-03-05 22:15:29,734 [Mule.app.deployer.monitor.1.thread.1] INFO  org.mule.config.spring.SpringXmlConfigurationBuilder - Configured Mule using "org.mule.config.spring.SpringXmlConfigurationBuilder" with configuration resource(s): "[ConfigResource{resourceName='C:\Mule Practise\Pradyu\.mule\apps\vmproject\vmproject.xml'}]"
2019-03-05 22:15:29,735 [Mule.app.deployer.monitor.1.thread.1] INFO  org.mule.config.builders.AutoConfigurationBuilder - Configured Mule using "org.mule.config.builders.AutoConfigurationBuilder" with configuration resource(s): "[ConfigResource{resourceName='C:\Mule Practise\Pradyu\.mule\apps\vmproject\vmproject.xml'}]"
2019-03-05 22:15:29,736 [Mule.app.deployer.monitor.1.thread.1] INFO  org.mule.module.launcher.application.DefaultMuleApplication - 
++++++++++++++++++++++++++++++++++++++++++++++++++++++++++++
+ Starting app 'vmproject'                                 +
++++++++++++++++++++++++++++++++++++++++++++++++++++++++++++
2019-03-05 22:15:29,737 [Mule.app.deployer.monitor.1.thread.1] INFO  org.mule.util.queue.QueueXaResourceManager - Starting ResourceManager
2019-03-05 22:15:29,737 [Mule.app.deployer.monitor.1.thread.1] INFO  org.mule.util.queue.QueueXaResourceManager - Started ResourceManager
2019-03-05 22:15:29,764 [Mule.app.deployer.monitor.1.thread.1] INFO  org.mule.module.http.internal.listener.DefaultHttpListenerConfig - Listening for requests on http://0.0.0.0:8081
2019-03-05 22:15:29,767 [Mule.app.deployer.monitor.1.thread.1] INFO  org.mule.modules.oauth2.provider.agents.DefaultSplashScreenAgent - 
++++++++++++++++++++++++++++++++++++++++++++++++++++++++++++++++++++++++++++++++
+ DevKit Extensions (0) used in this application 
                             +
++++++++++++++++++++++++++++++++++++++++++++++++++++++++++++++++++++++++++++++++
2019-03-05 22:15:29,769 [Mule.app.deployer.monitor.1.thread.1] INFO  org.mule.lifecycle.AbstractLifecycleManager - Starting model: _muleSystemModel
2019-03-05 22:15:29,770 [Mule.app.deployer.monitor.1.thread.1] INFO  org.mule.construct.FlowConstructLifecycleManager - Starting flow: vmprojectFlow
2019-03-05 22:15:29,770 [Mule.app.deployer.monitor.1.thread.1] INFO  org.mule.processor.SedaStageLifecycleManager - Starting service: vmprojectFlow.stage1
2019-03-05 22:15:29,774 [Mule.app.deployer.monitor.1.thread.1] INFO  org.mule.construct.FlowConstructLifecycleManager - Starting flow: vmprojectFlow1
2019-03-05 22:15:29,774 [Mule.app.deployer.monitor.1.thread.1] INFO  org.mule.processor.SedaStageLifecycleManager - Starting service: vmprojectFlow1.stage1
2019-03-05 22:15:29,797 [Mule.app.deployer.monitor.1.thread.1] INFO  org.mule.module.management.agent.WrapperManagerAgent - This JVM hasn't been launched by the wrapper, the agent will not run.
2019-03-05 22:15:29,802 [Mule.app.deployer.monitor.1.thread.1] INFO  org.mule.DefaultMuleContext - 
**********************************************************************
* Application: vmproject                                             *
* OS encoding: \, Mule encoding: UTF-8                               *
*                                                                    *
* Agents Running:                                                    *
*   JMX Agent                                                        *
*   DevKit Extension Information                                     *
*   Batch module default engine                                      *
*   Wrapper Manager                                                  *
**********************************************************************
2019-03-05 22:16:09,897 [Mule.app.deployer.monitor.1.thread.1] INFO  org.mule.module.launcher.application.DefaultMuleApplication - 
++++++++++++++++++++++++++++++++++++++++++++++++++++++++++++
+ Stopping app 'vmproject'                                 +
++++++++++++++++++++++++++++++++++++++++++++++++++++++++++++
2019-03-05 22:16:09,903 [Mule.app.deployer.monitor.1.thread.1] INFO  org.mule.construct.FlowConstructLifecycleManager - Stopping flow: vmprojectFlow
2019-03-05 22:16:09,904 [Mule.app.deployer.monitor.1.thread.1] INFO  org.mule.processor.SedaStageLifecycleManager - Stopping service: vmprojectFlow.stage1
2019-03-05 22:16:09,923 [Mule.app.deployer.monitor.1.thread.1] INFO  org.mule.construct.FlowConstructLifecycleManager - Stopping flow: vmprojectFlow1
2019-03-05 22:16:09,923 [Mule.app.deployer.monitor.1.thread.1] INFO  org.mule.processor.SedaStageLifecycleManager - Stopping service: vmprojectFlow1.stage1
2019-03-05 22:16:10,128 [Mule.app.deployer.monitor.1.thread.1] INFO  org.mule.lifecycle.AbstractLifecycleManager - Stopping model: _muleSystemModel
2019-03-05 22:16:10,137 [Mule.app.deployer.monitor.1.thread.1] INFO  org.mule.module.http.internal.listener.DefaultHttpListenerConfig - Stopped listener on http://0.0.0.0:8081
2019-03-05 22:16:10,137 [Mule.app.deployer.monitor.1.thread.1] INFO  org.mule.util.queue.QueueXaResourceManager - Stopping ResourceManager
2019-03-05 22:16:10,137 [Mule.app.deployer.monitor.1.thread.1] INFO  org.mule.util.queue.QueueXaResourceManager - Stopped ResourceManager
2019-03-05 22:16:10,147 [Mule.app.deployer.monitor.1.thread.1] INFO  org.mule.module.launcher.application.DefaultMuleApplication - 
++++++++++++++++++++++++++++++++++++++++++++++++++++++++++++
+ Disposing app 'vmproject'                                +
++++++++++++++++++++++++++++++++++++++++++++++++++++++++++++
2019-03-05 22:16:10,147 [Mule.app.deployer.monitor.1.thread.1] INFO  org.mule.lifecycle.AbstractLifecycleManager - Disposing RegistryBroker
2019-03-05 22:16:10,147 [Mule.app.deployer.monitor.1.thread.1] INFO  org.mule.construct.FlowConstructLifecycleManager - Disposing flow: vmprojectFlow
2019-03-05 22:16:10,151 [Mule.app.deployer.monitor.1.thread.1] INFO  org.mule.processor.SedaStageLifecycleManager - Disposing service: vmprojectFlow.stage1
2019-03-05 22:16:10,153 [Mule.app.deployer.monitor.1.thread.1] INFO  org.mule.construct.FlowConstructLifecycleManager - Disposing flow: vmprojectFlow1
2019-03-05 22:16:10,153 [Mule.app.deployer.monitor.1.thread.1] INFO  org.mule.processor.SedaStageLifecycleManager - Disposing service: vmprojectFlow1.stage1
2019-03-05 22:16:10,153 [Mule.app.deployer.monitor.1.thread.1] INFO  org.mule.lifecycle.AbstractLifecycleManager - Disposing model: _muleSystemModel
2019-03-05 22:16:10,226 [Mule.app.deployer.monitor.1.thread.1] INFO  org.mule.config.spring.MuleArtifactContext - Closing org.mule.config.spring.MuleArtifactContext@4474b3d9: startup date [Tue Mar 05 22:15:29 GMT 2019]; root of context hierarchy
2019-03-05 22:16:10,372 [Mule.app.deployer.monitor.1.thread.1] INFO  org.mule.DefaultMuleContext - 
**********************************************************************
* Application "vmproject" shut down normally on: 5/3/19 10:16 PM     *
* Up for: 0 days, 0 hours, 0 mins, 40.634 sec                        *
**********************************************************************
2019-03-05 22:16:10,501 [Mule.app.deployer.monitor.1.thread.1] INFO  org.mule.module.launcher.application.DefaultMuleApplication - 
++++++++++++++++++++++++++++++++++++++++++++++++++++++++++++
+ Initializing app 'vmproject'                             +
++++++++++++++++++++++++++++++++++++++++++++++++++++++++++++
2019-03-05 22:16:10,525 [Mule.app.deployer.monitor.1.thread.1] INFO  org.mule.lifecycle.AbstractLifecycleManager - Initialising RegistryBroker
2019-03-05 22:16:10,531 [Mule.app.deployer.monitor.1.thread.1] INFO  org.mule.module.extension.internal.manager.DefaultExtensionManager - Starting discovery of extensions
2019-03-05 22:16:10,564 [Mule.app.deployer.monitor.1.thread.1] INFO  org.mule.module.extension.internal.manager.DefaultExtensionManager - Discovered 1 extensions
2019-03-05 22:16:10,565 [Mule.app.deployer.monitor.1.thread.1] INFO  org.mule.module.extension.internal.manager.DefaultExtensionManager - Registering extension validation (version 3.7)
2019-03-05 22:16:10,577 [Mule.app.deployer.monitor.1.thread.1] INFO  org.mule.config.spring.MuleArtifactContext - Refreshing org.mule.config.spring.MuleArtifactContext@9e3a6b8: startup date [Tue Mar 05 22:16:10 GMT 2019]; root of context hierarchy
2019-03-05 22:16:11,005 [Mule.app.deployer.monitor.1.thread.1] INFO  org.mule.config.spring.processors.NoDevkitInjectorProcessor - JSR-330 'javax.inject.Inject' annotation found and supported for autowiring
2019-03-05 22:16:11,264 [Mule.app.deployer.monitor.1.thread.1] INFO  org.mule.lifecycle.AbstractLifecycleManager - Initialising model: _muleSystemModel
2019-03-05 22:16:11,270 [Mule.app.deployer.monitor.1.thread.1] INFO  org.mule.construct.FlowConstructLifecycleManager - Initialising flow: vmprojectFlow
2019-03-05 22:16:11,270 [Mule.app.deployer.monitor.1.thread.1] INFO  org.mule.exception.DefaultMessagingExceptionStrategy - Initialising exception listener: org.mule.exception.DefaultMessagingExceptionStrategy@1ea8931d
2019-03-05 22:16:11,285 [Mule.app.deployer.monitor.1.thread.1] INFO  org.mule.processor.SedaStageLifecycleManager - Initialising service: vmprojectFlow.stage1
2019-03-05 22:16:11,289 [Mule.app.deployer.monitor.1.thread.1] INFO  org.mule.construct.FlowConstructLifecycleManager - Initialising flow: vmprojectFlow1
2019-03-05 22:16:11,290 [Mule.app.deployer.monitor.1.thread.1] INFO  org.mule.exception.DefaultMessagingExceptionStrategy - Initialising exception listener: org.mule.exception.DefaultMessagingExceptionStrategy@7d2eeaeb
2019-03-05 22:16:11,318 [Mule.app.deployer.monitor.1.thread.1] INFO  org.mule.processor.SedaStageLifecycleManager - Initialising service: vmprojectFlow1.stage1
2019-03-05 22:16:11,328 [Mule.app.deployer.monitor.1.thread.1] INFO  org.mule.util.journal.TransactionJournal - Using files for tx logs C:\Mule Practise\Pradyu\.mule\.\.mule\vmproject\queue-tx-log\tx1.log and C:\Mule Practise\Pradyu\.mule\.\.mule\vmproject\queue-tx-log\tx2.log
2019-03-05 22:16:11,332 [Mule.app.deployer.monitor.1.thread.1] INFO  org.mule.util.journal.TransactionJournal - Using files for tx logs C:\Mule Practise\Pradyu\.mule\.\.mule\vmproject\queue-xa-tx-log\tx1.log and C:\Mule Practise\Pradyu\.mule\.\.mule\vmproject\queue-xa-tx-log\tx2.log
2019-03-05 22:16:11,411 [Mule.app.deployer.monitor.1.thread.1] INFO  org.mule.config.spring.SpringXmlConfigurationBuilder - Configured Mule using "org.mule.config.spring.SpringXmlConfigurationBuilder" with configuration resource(s): "[ConfigResource{resourceName='C:\Mule Practise\Pradyu\.mule\apps\vmproject\vmproject.xml'}]"
2019-03-05 22:16:11,411 [Mule.app.deployer.monitor.1.thread.1] INFO  org.mule.config.builders.AutoConfigurationBuilder - Configured Mule using "org.mule.config.builders.AutoConfigurationBuilder" with configuration resource(s): "[ConfigResource{resourceName='C:\Mule Practise\Pradyu\.mule\apps\vmproject\vmproject.xml'}]"
2019-03-05 22:16:11,411 [Mule.app.deployer.monitor.1.thread.1] INFO  org.mule.module.launcher.application.DefaultMuleApplication - 
++++++++++++++++++++++++++++++++++++++++++++++++++++++++++++
+ Starting app 'vmproject'                                 +
++++++++++++++++++++++++++++++++++++++++++++++++++++++++++++
2019-03-05 22:16:11,417 [Mule.app.deployer.monitor.1.thread.1] INFO  org.mule.util.queue.QueueXaResourceManager - Starting ResourceManager
2019-03-05 22:16:11,417 [Mule.app.deployer.monitor.1.thread.1] INFO  org.mule.util.queue.QueueXaResourceManager - Started ResourceManager
2019-03-05 22:16:11,449 [Mule.app.deployer.monitor.1.thread.1] INFO  org.mule.module.http.internal.listener.DefaultHttpListenerConfig - Listening for requests on http://0.0.0.0:8081
2019-03-05 22:16:11,454 [Mule.app.deployer.monitor.1.thread.1] INFO  org.mule.modules.oauth2.provider.agents.DefaultSplashScreenAgent - 
++++++++++++++++++++++++++++++++++++++++++++++++++++++++++++++++++++++++++++++++
+ DevKit Extensions (0) used in this application 
                             +
++++++++++++++++++++++++++++++++++++++++++++++++++++++++++++++++++++++++++++++++
2019-03-05 22:16:11,455 [Mule.app.deployer.monitor.1.thread.1] INFO  org.mule.lifecycle.AbstractLifecycleManager - Starting model: _muleSystemModel
2019-03-05 22:16:11,457 [Mule.app.deployer.monitor.1.thread.1] INFO  org.mule.construct.FlowConstructLifecycleManager - Starting flow: vmprojectFlow
2019-03-05 22:16:11,457 [Mule.app.deployer.monitor.1.thread.1] INFO  org.mule.processor.SedaStageLifecycleManager - Starting service: vmprojectFlow.stage1
2019-03-05 22:16:11,464 [Mule.app.deployer.monitor.1.thread.1] INFO  org.mule.construct.FlowConstructLifecycleManager - Starting flow: vmprojectFlow1
2019-03-05 22:16:11,464 [Mule.app.deployer.monitor.1.thread.1] INFO  org.mule.processor.SedaStageLifecycleManager - Starting service: vmprojectFlow1.stage1
2019-03-05 22:16:11,485 [Mule.app.deployer.monitor.1.thread.1] INFO  org.mule.module.management.agent.WrapperManagerAgent - This JVM hasn't been launched by the wrapper, the agent will not run.
2019-03-05 22:16:11,496 [Mule.app.deployer.monitor.1.thread.1] INFO  org.mule.DefaultMuleContext - 
**********************************************************************
* Application: vmproject                                             *
* OS encoding: \, Mule encoding: UTF-8                               *
*                                                                    *
* Agents Running:                                                    *
*   JMX Agent                                                        *
*   DevKit Extension Information                                     *
*   Batch module default engine                                      *
*   Wrapper Manager                                                  *
**********************************************************************
2019-03-05 22:21:12,034 [Mule.app.deployer.monitor.1.thread.1] INFO  org.mule.module.launcher.application.DefaultMuleApplication - 
++++++++++++++++++++++++++++++++++++++++++++++++++++++++++++
+ Stopping app 'vmproject'                                 +
++++++++++++++++++++++++++++++++++++++++++++++++++++++++++++
2019-03-05 22:21:12,037 [Mule.app.deployer.monitor.1.thread.1] INFO  org.mule.construct.FlowConstructLifecycleManager - Stopping flow: vmprojectFlow
2019-03-05 22:21:12,038 [Mule.app.deployer.monitor.1.thread.1] INFO  org.mule.processor.SedaStageLifecycleManager - Stopping service: vmprojectFlow.stage1
2019-03-05 22:21:12,129 [Mule.app.deployer.monitor.1.thread.1] INFO  org.mule.construct.FlowConstructLifecycleManager - Stopping flow: vmprojectFlow1
2019-03-05 22:21:12,130 [Mule.app.deployer.monitor.1.thread.1] INFO  org.mule.processor.SedaStageLifecycleManager - Stopping service: vmprojectFlow1.stage1
2019-03-05 22:21:12,165 [Mule.app.deployer.monitor.1.thread.1] INFO  org.mule.lifecycle.AbstractLifecycleManager - Stopping model: _muleSystemModel
2019-03-05 22:21:12,171 [Mule.app.deployer.monitor.1.thread.1] INFO  org.mule.module.http.internal.listener.DefaultHttpListenerConfig - Stopped listener on http://0.0.0.0:8081
2019-03-05 22:21:12,174 [Mule.app.deployer.monitor.1.thread.1] INFO  org.mule.util.queue.QueueXaResourceManager - Stopping ResourceManager
2019-03-05 22:21:12,174 [Mule.app.deployer.monitor.1.thread.1] INFO  org.mule.util.queue.QueueXaResourceManager - Stopped ResourceManager
2019-03-05 22:21:12,179 [Mule.app.deployer.monitor.1.thread.1] INFO  org.mule.module.launcher.application.DefaultMuleApplication - 
++++++++++++++++++++++++++++++++++++++++++++++++++++++++++++
+ Disposing app 'vmproject'                                +
++++++++++++++++++++++++++++++++++++++++++++++++++++++++++++
2019-03-05 22:21:12,179 [Mule.app.deployer.monitor.1.thread.1] INFO  org.mule.lifecycle.AbstractLifecycleManager - Disposing RegistryBroker
2019-03-05 22:21:12,180 [Mule.app.deployer.monitor.1.thread.1] INFO  org.mule.construct.FlowConstructLifecycleManager - Disposing flow: vmprojectFlow
2019-03-05 22:21:12,181 [Mule.app.deployer.monitor.1.thread.1] INFO  org.mule.processor.SedaStageLifecycleManager - Disposing service: vmprojectFlow.stage1
2019-03-05 22:21:12,183 [Mule.app.deployer.monitor.1.thread.1] INFO  org.mule.construct.FlowConstructLifecycleManager - Disposing flow: vmprojectFlow1
2019-03-05 22:21:12,184 [Mule.app.deployer.monitor.1.thread.1] INFO  org.mule.processor.SedaStageLifecycleManager - Disposing service: vmprojectFlow1.stage1
2019-03-05 22:21:12,187 [Mule.app.deployer.monitor.1.thread.1] INFO  org.mule.lifecycle.AbstractLifecycleManager - Disposing model: _muleSystemModel
2019-03-05 22:21:12,252 [Mule.app.deployer.monitor.1.thread.1] INFO  org.mule.config.spring.MuleArtifactContext - Closing org.mule.config.spring.MuleArtifactContext@9e3a6b8: startup date [Tue Mar 05 22:16:10 GMT 2019]; root of context hierarchy
2019-03-05 22:21:12,369 [Mule.app.deployer.monitor.1.thread.1] INFO  org.mule.DefaultMuleContext - 
**********************************************************************
* Application "vmproject" shut down normally on: 5/3/19 10:21 PM     *
* Up for: 0 days, 0 hours, 5 mins, 0.957 sec                         *
**********************************************************************
2019-03-05 22:21:12,467 [Mule.app.deployer.monitor.1.thread.1] INFO  org.mule.module.launcher.application.DefaultMuleApplication - 
++++++++++++++++++++++++++++++++++++++++++++++++++++++++++++
+ Initializing app 'vmproject'                             +
++++++++++++++++++++++++++++++++++++++++++++++++++++++++++++
2019-03-05 22:21:12,479 [Mule.app.deployer.monitor.1.thread.1] INFO  org.mule.lifecycle.AbstractLifecycleManager - Initialising RegistryBroker
2019-03-05 22:21:12,485 [Mule.app.deployer.monitor.1.thread.1] INFO  org.mule.module.extension.internal.manager.DefaultExtensionManager - Starting discovery of extensions
2019-03-05 22:21:12,503 [Mule.app.deployer.monitor.1.thread.1] INFO  org.mule.module.extension.internal.manager.DefaultExtensionManager - Discovered 1 extensions
2019-03-05 22:21:12,504 [Mule.app.deployer.monitor.1.thread.1] INFO  org.mule.module.extension.internal.manager.DefaultExtensionManager - Registering extension validation (version 3.7)
2019-03-05 22:21:12,508 [Mule.app.deployer.monitor.1.thread.1] INFO  org.mule.config.spring.MuleArtifactContext - Refreshing org.mule.config.spring.MuleArtifactContext@4a5cb0f: startup date [Tue Mar 05 22:21:12 GMT 2019]; root of context hierarchy
2019-03-05 22:21:12,753 [Mule.app.deployer.monitor.1.thread.1] INFO  org.mule.lifecycle.AbstractLifecycleManager - Disposing RegistryBroker
2019-03-05 22:21:12,888 [Mule.app.deployer.monitor.1.thread.1] ERROR org.mule.module.launcher.application.DefaultMuleApplication - null
org.xml.sax.SAXParseException: cvc-complex-type.2.4.b: The content of element 'sub-flow' is not complete. One of '{"http://www.mulesoft.org/schema/mule/core":annotations, "http://www.mulesoft.org/schema/mule/core":description, "http://www.mulesoft.org/schema/mule/core":abstract-message-processor, "http://www.mulesoft.org/schema/mule/core":abstract-outbound-endpoint, "http://www.mulesoft.org/schema/mule/core":abstract-mixed-content-message-processor}' is expected.
	at org.apache.xerces.util.ErrorHandlerWrapper.createSAXParseException(Unknown Source) ~[?:?]
	at org.apache.xerces.util.ErrorHandlerWrapper.error(Unknown Source) ~[?:?]
	at org.apache.xerces.impl.XMLErrorReporter.reportError(Unknown Source) ~[?:?]
	at org.apache.xerces.impl.XMLErrorReporter.reportError(Unknown Source) ~[?:?]
	at org.apache.xerces.impl.XMLErrorReporter.reportError(Unknown Source) ~[?:?]
	at org.apache.xerces.impl.xs.XMLSchemaValidator$XSIErrorReporter.reportError(Unknown Source) ~[?:?]
	at org.apache.xerces.impl.xs.XMLSchemaValidator.reportSchemaError(Unknown Source) ~[?:?]
	at org.apache.xerces.impl.xs.XMLSchemaValidator.elementLocallyValidComplexType(Unknown Source) ~[?:?]
	at org.apache.xerces.impl.xs.XMLSchemaValidator.elementLocallyValidType(Unknown Source) ~[?:?]
	at org.apache.xerces.impl.xs.XMLSchemaValidator.processElementContent(Unknown Source) ~[?:?]
	at org.apache.xerces.impl.xs.XMLSchemaValidator.handleEndElement(Unknown Source) ~[?:?]
	at org.apache.xerces.impl.xs.XMLSchemaValidator.emptyElement(Unknown Source) ~[?:?]
	at org.apache.xerces.impl.XMLNSDocumentScannerImpl.scanStartElement(Unknown Source) ~[?:?]
	at org.apache.xerces.impl.XMLDocumentFragmentScannerImpl$FragmentContentDispatcher.dispatch(Unknown Source) ~[?:?]
	at org.apache.xerces.impl.XMLDocumentFragmentScannerImpl.scanDocument(Unknown Source) ~[?:?]
	at org.apache.xerces.parsers.XML11Configuration.parse(Unknown Source) ~[?:?]
	at org.apache.xerces.parsers.XML11Configuration.parse(Unknown Source) ~[?:?]
	at org.apache.xerces.parsers.XMLParser.parse(Unknown Source) ~[?:?]
	at org.apache.xerces.parsers.DOMParser.parse(Unknown Source) ~[?:?]
	at org.apache.xerces.jaxp.DocumentBuilderImpl.parse(Unknown Source) ~[?:?]
	at org.springframework.beans.factory.xml.DefaultDocumentLoader.loadDocument(DefaultDocumentLoader.java:76) ~[spring-beans-4.1.6.RELEASE.jar:4.1.6.RELEASE]
	at org.springframework.beans.factory.xml.XmlBeanDefinitionReader.doLoadDocument(XmlBeanDefinitionReader.java:429) ~[spring-beans-4.1.6.RELEASE.jar:4.1.6.RELEASE]
	at org.springframework.beans.factory.xml.XmlBeanDefinitionReader.doLoadBeanDefinitions(XmlBeanDefinitionReader.java:391) ~[spring-beans-4.1.6.RELEASE.jar:4.1.6.RELEASE]
	at org.springframework.beans.factory.xml.XmlBeanDefinitionReader.loadBeanDefinitions(XmlBeanDefinitionReader.java:336) ~[spring-beans-4.1.6.RELEASE.jar:4.1.6.RELEASE]
	at org.springframework.beans.factory.xml.XmlBeanDefinitionReader.loadBeanDefinitions(XmlBeanDefinitionReader.java:304) ~[spring-beans-4.1.6.RELEASE.jar:4.1.6.RELEASE]
	at org.springframework.beans.factory.support.AbstractBeanDefinitionReader.loadBeanDefinitions(AbstractBeanDefinitionReader.java:181) ~[spring-beans-4.1.6.RELEASE.jar:4.1.6.RELEASE]
	at org.mule.config.spring.MuleArtifactContext.loadBeanDefinitions(MuleArtifactContext.java:190) ~[mule-module-spring-config-3.7.3.jar:3.7.3]
	at org.springframework.context.support.AbstractRefreshableApplicationContext.refreshBeanFactory(AbstractRefreshableApplicationContext.java:129) ~[spring-context-4.1.6.RELEASE.jar:4.1.6.RELEASE]
	at org.springframework.context.support.AbstractApplicationContext.obtainFreshBeanFactory(AbstractApplicationContext.java:537) ~[spring-context-4.1.6.RELEASE.jar:4.1.6.RELEASE]
	at org.springframework.context.support.AbstractApplicationContext.refresh(AbstractApplicationContext.java:452) ~[spring-context-4.1.6.RELEASE.jar:4.1.6.RELEASE]
	at org.mule.config.spring.SpringRegistry.doInitialise(SpringRegistry.java:108) ~[mule-module-spring-config-3.7.3.jar:3.7.3]
	at org.mule.registry.AbstractRegistry.initialise(AbstractRegistry.java:104) ~[mule-core-3.7.3.jar:3.7.3]
	at org.mule.config.spring.SpringXmlConfigurationBuilder.createSpringRegistry(SpringXmlConfigurationBuilder.java:172) ~[mule-module-spring-config-3.7.3.jar:3.7.3]
	at org.mule.config.spring.SpringXmlConfigurationBuilder.doConfigure(SpringXmlConfigurationBuilder.java:95) ~[mule-module-spring-config-3.7.3.jar:3.7.3]
	at org.mule.config.builders.AbstractConfigurationBuilder.configure(AbstractConfigurationBuilder.java:43) ~[mule-core-3.7.3.jar:3.7.3]
	at org.mule.config.builders.AbstractResourceConfigurationBuilder.configure(AbstractResourceConfigurationBuilder.java:69) ~[mule-core-3.7.3.jar:3.7.3]
	at org.mule.config.builders.AutoConfigurationBuilder.autoConfigure(AutoConfigurationBuilder.java:101) ~[mule-core-3.7.3.jar:3.7.3]
	at org.mule.config.builders.AutoConfigurationBuilder.doConfigure(AutoConfigurationBuilder.java:52) ~[mule-core-3.7.3.jar:3.7.3]
	at org.mule.config.builders.AbstractConfigurationBuilder.configure(AbstractConfigurationBuilder.java:43) ~[mule-core-3.7.3.jar:3.7.3]
	at org.mule.config.builders.AbstractResourceConfigurationBuilder.configure(AbstractResourceConfigurationBuilder.java:69) ~[mule-core-3.7.3.jar:3.7.3]
	at org.mule.context.DefaultMuleContextFactory$1.configure(DefaultMuleContextFactory.java:89) ~[mule-core-3.7.3.jar:3.7.3]
	at org.mule.context.DefaultMuleContextFactory.doCreateMuleContext(DefaultMuleContextFactory.java:222) ~[mule-core-3.7.3.jar:3.7.3]
	at org.mule.context.DefaultMuleContextFactory.createMuleContext(DefaultMuleContextFactory.java:81) ~[mule-core-3.7.3.jar:3.7.3]
	at org.mule.module.launcher.application.DefaultMuleApplication.init(DefaultMuleApplication.java:188) ~[mule-module-launcher-3.7.3.jar:3.7.3]
	at org.mule.module.launcher.artifact.ArtifactWrapper$2.execute(ArtifactWrapper.java:62) ~[mule-module-launcher-3.7.3.jar:3.7.3]
	at org.mule.module.launcher.artifact.ArtifactWrapper.executeWithinArtifactClassLoader(ArtifactWrapper.java:129) ~[mule-module-launcher-3.7.3.jar:3.7.3]
	at org.mule.module.launcher.artifact.ArtifactWrapper.init(ArtifactWrapper.java:57) ~[mule-module-launcher-3.7.3.jar:3.7.3]
	at org.mule.module.launcher.DefaultArtifactDeployer.deploy(DefaultArtifactDeployer.java:25) ~[mule-module-launcher-3.7.3.jar:3.7.3]
	at org.mule.module.launcher.DefaultArchiveDeployer.redeploy(DefaultArchiveDeployer.java:544) ~[mule-module-launcher-3.7.3.jar:3.7.3]
	at org.mule.module.launcher.DeploymentDirectoryWatcher.redeployModifiedArtifacts(DeploymentDirectoryWatcher.java:549) ~[mule-module-launcher-3.7.3.jar:3.7.3]
	at org.mule.module.launcher.DeploymentDirectoryWatcher.redeployModifiedApplications(DeploymentDirectoryWatcher.java:538) ~[mule-module-launcher-3.7.3.jar:3.7.3]
	at org.mule.module.launcher.DeploymentDirectoryWatcher.run(DeploymentDirectoryWatcher.java:348) ~[mule-module-launcher-3.7.3.jar:3.7.3]
	at java.util.concurrent.Executors$RunnableAdapter.call(Executors.java:511) ~[?:1.8.0_191]
	at java.util.concurrent.FutureTask.runAndReset(FutureTask.java:308) ~[?:1.8.0_191]
	at java.util.concurrent.ScheduledThreadPoolExecutor$ScheduledFutureTask.access$301(ScheduledThreadPoolExecutor.java:180) ~[?:1.8.0_191]
	at java.util.concurrent.ScheduledThreadPoolExecutor$ScheduledFutureTask.run(ScheduledThreadPoolExecutor.java:294) ~[?:1.8.0_191]
	at java.util.concurrent.ThreadPoolExecutor.runWorker(ThreadPoolExecutor.java:1149) [?:1.8.0_191]
	at java.util.concurrent.ThreadPoolExecutor$Worker.run(ThreadPoolExecutor.java:624) [?:1.8.0_191]
	at java.lang.Thread.run(Thread.java:748) [?:1.8.0_191]
2019-03-05 22:21:12,892 [Mule.app.deployer.monitor.1.thread.1] INFO  org.mule.module.launcher.application.DefaultMuleApplication - App 'vmproject' never started, nothing to dispose of
2019-03-05 22:21:38,058 [Mule.app.deployer.monitor.1.thread.1] INFO  org.mule.module.launcher.application.DefaultMuleApplication - 
++++++++++++++++++++++++++++++++++++++++++++++++++++++++++++
+ Initializing app 'vmproject'                             +
++++++++++++++++++++++++++++++++++++++++++++++++++++++++++++
2019-03-05 22:21:38,068 [Mule.app.deployer.monitor.1.thread.1] INFO  org.mule.lifecycle.AbstractLifecycleManager - Initialising RegistryBroker
2019-03-05 22:21:38,075 [Mule.app.deployer.monitor.1.thread.1] INFO  org.mule.module.extension.internal.manager.DefaultExtensionManager - Starting discovery of extensions
2019-03-05 22:21:38,092 [Mule.app.deployer.monitor.1.thread.1] INFO  org.mule.module.extension.internal.manager.DefaultExtensionManager - Discovered 1 extensions
2019-03-05 22:21:38,092 [Mule.app.deployer.monitor.1.thread.1] INFO  org.mule.module.extension.internal.manager.DefaultExtensionManager - Registering extension validation (version 3.7)
2019-03-05 22:21:38,096 [Mule.app.deployer.monitor.1.thread.1] INFO  org.mule.config.spring.MuleArtifactContext - Refreshing org.mule.config.spring.MuleArtifactContext@74698265: startup date [Tue Mar 05 22:21:38 GMT 2019]; root of context hierarchy
2019-03-05 22:21:38,363 [Mule.app.deployer.monitor.1.thread.1] INFO  org.mule.config.spring.processors.NoDevkitInjectorProcessor - JSR-330 'javax.inject.Inject' annotation found and supported for autowiring
2019-03-05 22:21:38,509 [Mule.app.deployer.monitor.1.thread.1] INFO  org.mule.lifecycle.AbstractLifecycleManager - Initialising model: _muleSystemModel
2019-03-05 22:21:38,510 [Mule.app.deployer.monitor.1.thread.1] INFO  org.mule.construct.FlowConstructLifecycleManager - Initialising flow: vmprojectFlow
2019-03-05 22:21:38,512 [Mule.app.deployer.monitor.1.thread.1] INFO  org.mule.exception.DefaultMessagingExceptionStrategy - Initialising exception listener: org.mule.exception.DefaultMessagingExceptionStrategy@30f59544
2019-03-05 22:21:38,519 [Mule.app.deployer.monitor.1.thread.1] INFO  org.mule.processor.SedaStageLifecycleManager - Initialising service: vmprojectFlow.stage1
2019-03-05 22:21:38,519 [Mule.app.deployer.monitor.1.thread.1] INFO  org.mule.construct.FlowConstructLifecycleManager - Initialising flow: vmprojectFlow1
2019-03-05 22:21:38,519 [Mule.app.deployer.monitor.1.thread.1] INFO  org.mule.exception.DefaultMessagingExceptionStrategy - Initialising exception listener: org.mule.exception.DefaultMessagingExceptionStrategy@76fca37b
2019-03-05 22:21:38,528 [Mule.app.deployer.monitor.1.thread.1] INFO  org.mule.processor.SedaStageLifecycleManager - Initialising service: vmprojectFlow1.stage1
2019-03-05 22:21:38,533 [Mule.app.deployer.monitor.1.thread.1] INFO  org.mule.util.journal.TransactionJournal - Using files for tx logs C:\Mule Practise\Pradyu\.mule\.\.mule\vmproject\queue-tx-log\tx1.log and C:\Mule Practise\Pradyu\.mule\.\.mule\vmproject\queue-tx-log\tx2.log
2019-03-05 22:21:38,536 [Mule.app.deployer.monitor.1.thread.1] INFO  org.mule.util.journal.TransactionJournal - Using files for tx logs C:\Mule Practise\Pradyu\.mule\.\.mule\vmproject\queue-xa-tx-log\tx1.log and C:\Mule Practise\Pradyu\.mule\.\.mule\vmproject\queue-xa-tx-log\tx2.log
2019-03-05 22:21:38,612 [Mule.app.deployer.monitor.1.thread.1] INFO  org.mule.config.spring.SpringXmlConfigurationBuilder - Configured Mule using "org.mule.config.spring.SpringXmlConfigurationBuilder" with configuration resource(s): "[ConfigResource{resourceName='C:\Mule Practise\Pradyu\.mule\apps\vmproject\vmproject.xml'}]"
2019-03-05 22:21:38,612 [Mule.app.deployer.monitor.1.thread.1] INFO  org.mule.config.builders.AutoConfigurationBuilder - Configured Mule using "org.mule.config.builders.AutoConfigurationBuilder" with configuration resource(s): "[ConfigResource{resourceName='C:\Mule Practise\Pradyu\.mule\apps\vmproject\vmproject.xml'}]"
2019-03-05 22:21:38,615 [Mule.app.deployer.monitor.1.thread.1] INFO  org.mule.module.launcher.application.DefaultMuleApplication - 
++++++++++++++++++++++++++++++++++++++++++++++++++++++++++++
+ Starting app 'vmproject'                                 +
++++++++++++++++++++++++++++++++++++++++++++++++++++++++++++
2019-03-05 22:21:38,616 [Mule.app.deployer.monitor.1.thread.1] INFO  org.mule.util.queue.QueueXaResourceManager - Starting ResourceManager
2019-03-05 22:21:38,616 [Mule.app.deployer.monitor.1.thread.1] INFO  org.mule.util.queue.QueueXaResourceManager - Started ResourceManager
2019-03-05 22:21:38,652 [Mule.app.deployer.monitor.1.thread.1] INFO  org.mule.module.http.internal.listener.DefaultHttpListenerConfig - Listening for requests on http://0.0.0.0:8081
2019-03-05 22:21:38,656 [Mule.app.deployer.monitor.1.thread.1] INFO  org.mule.modules.oauth2.provider.agents.DefaultSplashScreenAgent - 
++++++++++++++++++++++++++++++++++++++++++++++++++++++++++++++++++++++++++++++++
+ DevKit Extensions (0) used in this application 
                             +
++++++++++++++++++++++++++++++++++++++++++++++++++++++++++++++++++++++++++++++++
2019-03-05 22:21:38,658 [Mule.app.deployer.monitor.1.thread.1] INFO  org.mule.lifecycle.AbstractLifecycleManager - Starting model: _muleSystemModel
2019-03-05 22:21:38,661 [Mule.app.deployer.monitor.1.thread.1] INFO  org.mule.construct.FlowConstructLifecycleManager - Starting flow: vmprojectFlow
2019-03-05 22:21:38,662 [Mule.app.deployer.monitor.1.thread.1] INFO  org.mule.processor.SedaStageLifecycleManager - Starting service: vmprojectFlow.stage1
2019-03-05 22:21:38,665 [Mule.app.deployer.monitor.1.thread.1] INFO  org.mule.construct.FlowConstructLifecycleManager - Starting flow: vmprojectFlow1
2019-03-05 22:21:38,665 [Mule.app.deployer.monitor.1.thread.1] INFO  org.mule.processor.SedaStageLifecycleManager - Starting service: vmprojectFlow1.stage1
2019-03-05 22:21:38,690 [Mule.app.deployer.monitor.1.thread.1] INFO  org.mule.module.management.agent.WrapperManagerAgent - This JVM hasn't been launched by the wrapper, the agent will not run.
2019-03-05 22:21:38,698 [Mule.app.deployer.monitor.1.thread.1] INFO  org.mule.DefaultMuleContext - 
**********************************************************************
* Application: vmproject                                             *
* OS encoding: \, Mule encoding: UTF-8                               *
*                                                                    *
* Agents Running:                                                    *
*   JMX Agent                                                        *
*   DevKit Extension Information                                     *
*   Batch module default engine                                      *
*   Wrapper Manager                                                  *
**********************************************************************
2019-03-05 22:22:18,765 [Mule.app.deployer.monitor.1.thread.1] INFO  org.mule.module.launcher.application.DefaultMuleApplication - 
++++++++++++++++++++++++++++++++++++++++++++++++++++++++++++
+ Stopping app 'vmproject'                                 +
++++++++++++++++++++++++++++++++++++++++++++++++++++++++++++
2019-03-05 22:22:18,770 [Mule.app.deployer.monitor.1.thread.1] INFO  org.mule.construct.FlowConstructLifecycleManager - Stopping flow: vmprojectFlow
2019-03-05 22:22:18,770 [Mule.app.deployer.monitor.1.thread.1] INFO  org.mule.processor.SedaStageLifecycleManager - Stopping service: vmprojectFlow.stage1
2019-03-05 22:22:18,960 [Mule.app.deployer.monitor.1.thread.1] INFO  org.mule.construct.FlowConstructLifecycleManager - Stopping flow: vmprojectFlow1
2019-03-05 22:22:18,960 [Mule.app.deployer.monitor.1.thread.1] INFO  org.mule.processor.SedaStageLifecycleManager - Stopping service: vmprojectFlow1.stage1
2019-03-05 22:22:19,168 [Mule.app.deployer.monitor.1.thread.1] INFO  org.mule.lifecycle.AbstractLifecycleManager - Stopping model: _muleSystemModel
2019-03-05 22:22:19,176 [Mule.app.deployer.monitor.1.thread.1] INFO  org.mule.module.http.internal.listener.DefaultHttpListenerConfig - Stopped listener on http://0.0.0.0:8081
2019-03-05 22:22:19,178 [Mule.app.deployer.monitor.1.thread.1] INFO  org.mule.util.queue.QueueXaResourceManager - Stopping ResourceManager
2019-03-05 22:22:19,182 [Mule.app.deployer.monitor.1.thread.1] INFO  org.mule.util.queue.QueueXaResourceManager - Stopped ResourceManager
2019-03-05 22:22:19,190 [Mule.app.deployer.monitor.1.thread.1] INFO  org.mule.module.launcher.application.DefaultMuleApplication - 
++++++++++++++++++++++++++++++++++++++++++++++++++++++++++++
+ Disposing app 'vmproject'                                +
++++++++++++++++++++++++++++++++++++++++++++++++++++++++++++
2019-03-05 22:22:19,191 [Mule.app.deployer.monitor.1.thread.1] INFO  org.mule.lifecycle.AbstractLifecycleManager - Disposing RegistryBroker
2019-03-05 22:22:19,192 [Mule.app.deployer.monitor.1.thread.1] INFO  org.mule.construct.FlowConstructLifecycleManager - Disposing flow: vmprojectFlow
2019-03-05 22:22:19,192 [Mule.app.deployer.monitor.1.thread.1] INFO  org.mule.processor.SedaStageLifecycleManager - Disposing service: vmprojectFlow.stage1
2019-03-05 22:22:19,196 [Mule.app.deployer.monitor.1.thread.1] INFO  org.mule.construct.FlowConstructLifecycleManager - Disposing flow: vmprojectFlow1
2019-03-05 22:22:19,198 [Mule.app.deployer.monitor.1.thread.1] INFO  org.mule.processor.SedaStageLifecycleManager - Disposing service: vmprojectFlow1.stage1
2019-03-05 22:22:19,199 [Mule.app.deployer.monitor.1.thread.1] INFO  org.mule.lifecycle.AbstractLifecycleManager - Disposing model: _muleSystemModel
2019-03-05 22:22:19,283 [Mule.app.deployer.monitor.1.thread.1] INFO  org.mule.config.spring.MuleArtifactContext - Closing org.mule.config.spring.MuleArtifactContext@74698265: startup date [Tue Mar 05 22:21:38 GMT 2019]; root of context hierarchy
2019-03-05 22:22:19,407 [Mule.app.deployer.monitor.1.thread.1] INFO  org.mule.DefaultMuleContext - 
**********************************************************************
* Application "vmproject" shut down normally on: 5/3/19 10:22 PM     *
* Up for: 0 days, 0 hours, 0 mins, 40.791 sec                        *
**********************************************************************
2019-03-05 22:22:19,487 [Mule.app.deployer.monitor.1.thread.1] INFO  org.mule.module.launcher.application.DefaultMuleApplication - 
++++++++++++++++++++++++++++++++++++++++++++++++++++++++++++
+ Initializing app 'vmproject'                             +
++++++++++++++++++++++++++++++++++++++++++++++++++++++++++++
2019-03-05 22:22:19,498 [Mule.app.deployer.monitor.1.thread.1] INFO  org.mule.lifecycle.AbstractLifecycleManager - Initialising RegistryBroker
2019-03-05 22:22:19,504 [Mule.app.deployer.monitor.1.thread.1] INFO  org.mule.module.extension.internal.manager.DefaultExtensionManager - Starting discovery of extensions
2019-03-05 22:22:19,519 [Mule.app.deployer.monitor.1.thread.1] INFO  org.mule.module.extension.internal.manager.DefaultExtensionManager - Discovered 1 extensions
2019-03-05 22:22:19,519 [Mule.app.deployer.monitor.1.thread.1] INFO  org.mule.module.extension.internal.manager.DefaultExtensionManager - Registering extension validation (version 3.7)
2019-03-05 22:22:19,532 [Mule.app.deployer.monitor.1.thread.1] INFO  org.mule.config.spring.MuleArtifactContext - Refreshing org.mule.config.spring.MuleArtifactContext@40b4c410: startup date [Tue Mar 05 22:22:19 GMT 2019]; root of context hierarchy
2019-03-05 22:22:19,813 [Mule.app.deployer.monitor.1.thread.1] INFO  org.mule.config.spring.processors.NoDevkitInjectorProcessor - JSR-330 'javax.inject.Inject' annotation found and supported for autowiring
2019-03-05 22:22:19,949 [Mule.app.deployer.monitor.1.thread.1] INFO  org.mule.lifecycle.AbstractLifecycleManager - Initialising model: _muleSystemModel
2019-03-05 22:22:19,954 [Mule.app.deployer.monitor.1.thread.1] INFO  org.mule.construct.FlowConstructLifecycleManager - Initialising flow: vmprojectFlow
2019-03-05 22:22:19,955 [Mule.app.deployer.monitor.1.thread.1] INFO  org.mule.exception.DefaultMessagingExceptionStrategy - Initialising exception listener: org.mule.exception.DefaultMessagingExceptionStrategy@6d393c1e
2019-03-05 22:22:19,966 [Mule.app.deployer.monitor.1.thread.1] INFO  org.mule.processor.SedaStageLifecycleManager - Initialising service: vmprojectFlow.stage1
2019-03-05 22:22:19,966 [Mule.app.deployer.monitor.1.thread.1] INFO  org.mule.construct.FlowConstructLifecycleManager - Initialising flow: vmprojectFlow1
2019-03-05 22:22:19,966 [Mule.app.deployer.monitor.1.thread.1] INFO  org.mule.exception.DefaultMessagingExceptionStrategy - Initialising exception listener: org.mule.exception.DefaultMessagingExceptionStrategy@6cf39733
2019-03-05 22:22:19,977 [Mule.app.deployer.monitor.1.thread.1] INFO  org.mule.processor.SedaStageLifecycleManager - Initialising service: vmprojectFlow1.stage1
2019-03-05 22:22:19,981 [Mule.app.deployer.monitor.1.thread.1] INFO  org.mule.util.journal.TransactionJournal - Using files for tx logs C:\Mule Practise\Pradyu\.mule\.\.mule\vmproject\queue-tx-log\tx1.log and C:\Mule Practise\Pradyu\.mule\.\.mule\vmproject\queue-tx-log\tx2.log
2019-03-05 22:22:19,983 [Mule.app.deployer.monitor.1.thread.1] INFO  org.mule.util.journal.TransactionJournal - Using files for tx logs C:\Mule Practise\Pradyu\.mule\.\.mule\vmproject\queue-xa-tx-log\tx1.log and C:\Mule Practise\Pradyu\.mule\.\.mule\vmproject\queue-xa-tx-log\tx2.log
2019-03-05 22:22:20,046 [Mule.app.deployer.monitor.1.thread.1] INFO  org.mule.config.spring.SpringXmlConfigurationBuilder - Configured Mule using "org.mule.config.spring.SpringXmlConfigurationBuilder" with configuration resource(s): "[ConfigResource{resourceName='C:\Mule Practise\Pradyu\.mule\apps\vmproject\vmproject.xml'}]"
2019-03-05 22:22:20,048 [Mule.app.deployer.monitor.1.thread.1] INFO  org.mule.config.builders.AutoConfigurationBuilder - Configured Mule using "org.mule.config.builders.AutoConfigurationBuilder" with configuration resource(s): "[ConfigResource{resourceName='C:\Mule Practise\Pradyu\.mule\apps\vmproject\vmproject.xml'}]"
2019-03-05 22:22:20,049 [Mule.app.deployer.monitor.1.thread.1] INFO  org.mule.module.launcher.application.DefaultMuleApplication - 
++++++++++++++++++++++++++++++++++++++++++++++++++++++++++++
+ Starting app 'vmproject'                                 +
++++++++++++++++++++++++++++++++++++++++++++++++++++++++++++
2019-03-05 22:22:20,049 [Mule.app.deployer.monitor.1.thread.1] INFO  org.mule.util.queue.QueueXaResourceManager - Starting ResourceManager
2019-03-05 22:22:20,053 [Mule.app.deployer.monitor.1.thread.1] INFO  org.mule.util.queue.QueueXaResourceManager - Started ResourceManager
2019-03-05 22:22:20,077 [Mule.app.deployer.monitor.1.thread.1] INFO  org.mule.module.http.internal.listener.DefaultHttpListenerConfig - Listening for requests on http://0.0.0.0:8081
2019-03-05 22:22:20,082 [Mule.app.deployer.monitor.1.thread.1] INFO  org.mule.modules.oauth2.provider.agents.DefaultSplashScreenAgent - 
++++++++++++++++++++++++++++++++++++++++++++++++++++++++++++++++++++++++++++++++
+ DevKit Extensions (0) used in this application 
                             +
++++++++++++++++++++++++++++++++++++++++++++++++++++++++++++++++++++++++++++++++
2019-03-05 22:22:20,082 [Mule.app.deployer.monitor.1.thread.1] INFO  org.mule.lifecycle.AbstractLifecycleManager - Starting model: _muleSystemModel
2019-03-05 22:22:20,086 [Mule.app.deployer.monitor.1.thread.1] INFO  org.mule.construct.FlowConstructLifecycleManager - Starting flow: vmprojectFlow
2019-03-05 22:22:20,087 [Mule.app.deployer.monitor.1.thread.1] INFO  org.mule.processor.SedaStageLifecycleManager - Starting service: vmprojectFlow.stage1
2019-03-05 22:22:20,091 [Mule.app.deployer.monitor.1.thread.1] INFO  org.mule.construct.FlowConstructLifecycleManager - Starting flow: vmprojectFlow1
2019-03-05 22:22:20,091 [Mule.app.deployer.monitor.1.thread.1] INFO  org.mule.processor.SedaStageLifecycleManager - Starting service: vmprojectFlow1.stage1
2019-03-05 22:22:20,111 [Mule.app.deployer.monitor.1.thread.1] INFO  org.mule.module.management.agent.WrapperManagerAgent - This JVM hasn't been launched by the wrapper, the agent will not run.
2019-03-05 22:22:20,119 [Mule.app.deployer.monitor.1.thread.1] INFO  org.mule.DefaultMuleContext - 
**********************************************************************
* Application: vmproject                                             *
* OS encoding: \, Mule encoding: UTF-8                               *
*                                                                    *
* Agents Running:                                                    *
*   JMX Agent                                                        *
*   DevKit Extension Information                                     *
*   Batch module default engine                                      *
*   Wrapper Manager                                                  *
**********************************************************************
2019-03-05 22:22:50,163 [Mule.app.deployer.monitor.1.thread.1] INFO  org.mule.module.launcher.application.DefaultMuleApplication - 
++++++++++++++++++++++++++++++++++++++++++++++++++++++++++++
+ Stopping app 'vmproject'                                 +
++++++++++++++++++++++++++++++++++++++++++++++++++++++++++++
2019-03-05 22:22:50,165 [Mule.app.deployer.monitor.1.thread.1] INFO  org.mule.construct.FlowConstructLifecycleManager - Stopping flow: vmprojectFlow
2019-03-05 22:22:50,165 [Mule.app.deployer.monitor.1.thread.1] INFO  org.mule.processor.SedaStageLifecycleManager - Stopping service: vmprojectFlow.stage1
2019-03-05 22:22:50,310 [Mule.app.deployer.monitor.1.thread.1] INFO  org.mule.construct.FlowConstructLifecycleManager - Stopping flow: vmprojectFlow1
2019-03-05 22:22:50,311 [Mule.app.deployer.monitor.1.thread.1] INFO  org.mule.processor.SedaStageLifecycleManager - Stopping service: vmprojectFlow1.stage1
2019-03-05 22:22:50,514 [Mule.app.deployer.monitor.1.thread.1] INFO  org.mule.lifecycle.AbstractLifecycleManager - Stopping model: _muleSystemModel
2019-03-05 22:22:50,517 [Mule.app.deployer.monitor.1.thread.1] INFO  org.mule.module.http.internal.listener.DefaultHttpListenerConfig - Stopped listener on http://0.0.0.0:8081
2019-03-05 22:22:50,518 [Mule.app.deployer.monitor.1.thread.1] INFO  org.mule.util.queue.QueueXaResourceManager - Stopping ResourceManager
2019-03-05 22:22:50,519 [Mule.app.deployer.monitor.1.thread.1] INFO  org.mule.util.queue.QueueXaResourceManager - Stopped ResourceManager
2019-03-05 22:22:50,522 [Mule.app.deployer.monitor.1.thread.1] INFO  org.mule.module.launcher.application.DefaultMuleApplication - 
++++++++++++++++++++++++++++++++++++++++++++++++++++++++++++
+ Disposing app 'vmproject'                                +
++++++++++++++++++++++++++++++++++++++++++++++++++++++++++++
2019-03-05 22:22:50,523 [Mule.app.deployer.monitor.1.thread.1] INFO  org.mule.lifecycle.AbstractLifecycleManager - Disposing RegistryBroker
2019-03-05 22:22:50,524 [Mule.app.deployer.monitor.1.thread.1] INFO  org.mule.construct.FlowConstructLifecycleManager - Disposing flow: vmprojectFlow
2019-03-05 22:22:50,524 [Mule.app.deployer.monitor.1.thread.1] INFO  org.mule.processor.SedaStageLifecycleManager - Disposing service: vmprojectFlow.stage1
2019-03-05 22:22:50,524 [Mule.app.deployer.monitor.1.thread.1] INFO  org.mule.construct.FlowConstructLifecycleManager - Disposing flow: vmprojectFlow1
2019-03-05 22:22:50,525 [Mule.app.deployer.monitor.1.thread.1] INFO  org.mule.processor.SedaStageLifecycleManager - Disposing service: vmprojectFlow1.stage1
2019-03-05 22:22:50,527 [Mule.app.deployer.monitor.1.thread.1] INFO  org.mule.lifecycle.AbstractLifecycleManager - Disposing model: _muleSystemModel
2019-03-05 22:22:50,560 [Mule.app.deployer.monitor.1.thread.1] INFO  org.mule.config.spring.MuleArtifactContext - Closing org.mule.config.spring.MuleArtifactContext@40b4c410: startup date [Tue Mar 05 22:22:19 GMT 2019]; root of context hierarchy
2019-03-05 22:22:50,716 [Mule.app.deployer.monitor.1.thread.1] INFO  org.mule.DefaultMuleContext - 
**********************************************************************
* Application "vmproject" shut down normally on: 5/3/19 10:22 PM     *
* Up for: 0 days, 0 hours, 0 mins, 30.667 sec                        *
**********************************************************************
2019-03-05 22:22:50,794 [Mule.app.deployer.monitor.1.thread.1] INFO  org.mule.module.launcher.application.DefaultMuleApplication - 
++++++++++++++++++++++++++++++++++++++++++++++++++++++++++++
+ Initializing app 'vmproject'                             +
++++++++++++++++++++++++++++++++++++++++++++++++++++++++++++
2019-03-05 22:22:50,809 [Mule.app.deployer.monitor.1.thread.1] INFO  org.mule.lifecycle.AbstractLifecycleManager - Initialising RegistryBroker
2019-03-05 22:22:50,816 [Mule.app.deployer.monitor.1.thread.1] INFO  org.mule.module.extension.internal.manager.DefaultExtensionManager - Starting discovery of extensions
2019-03-05 22:22:50,835 [Mule.app.deployer.monitor.1.thread.1] INFO  org.mule.module.extension.internal.manager.DefaultExtensionManager - Discovered 1 extensions
2019-03-05 22:22:50,835 [Mule.app.deployer.monitor.1.thread.1] INFO  org.mule.module.extension.internal.manager.DefaultExtensionManager - Registering extension validation (version 3.7)
2019-03-05 22:22:50,845 [Mule.app.deployer.monitor.1.thread.1] INFO  org.mule.config.spring.MuleArtifactContext - Refreshing org.mule.config.spring.MuleArtifactContext@6e599d19: startup date [Tue Mar 05 22:22:50 GMT 2019]; root of context hierarchy
2019-03-05 22:22:51,065 [Mule.app.deployer.monitor.1.thread.1] INFO  org.mule.config.spring.processors.NoDevkitInjectorProcessor - JSR-330 'javax.inject.Inject' annotation found and supported for autowiring
2019-03-05 22:22:51,221 [Mule.app.deployer.monitor.1.thread.1] INFO  org.mule.lifecycle.AbstractLifecycleManager - Initialising model: _muleSystemModel
2019-03-05 22:22:51,226 [Mule.app.deployer.monitor.1.thread.1] INFO  org.mule.construct.FlowConstructLifecycleManager - Initialising flow: vmprojectFlow
2019-03-05 22:22:51,227 [Mule.app.deployer.monitor.1.thread.1] INFO  org.mule.exception.DefaultMessagingExceptionStrategy - Initialising exception listener: org.mule.exception.DefaultMessagingExceptionStrategy@1e22d93
2019-03-05 22:22:51,240 [Mule.app.deployer.monitor.1.thread.1] INFO  org.mule.processor.SedaStageLifecycleManager - Initialising service: vmprojectFlow.stage1
2019-03-05 22:22:51,241 [Mule.app.deployer.monitor.1.thread.1] INFO  org.mule.construct.FlowConstructLifecycleManager - Initialising flow: vmprojectFlow1
2019-03-05 22:22:51,242 [Mule.app.deployer.monitor.1.thread.1] INFO  org.mule.exception.DefaultMessagingExceptionStrategy - Initialising exception listener: org.mule.exception.DefaultMessagingExceptionStrategy@4e75105
2019-03-05 22:22:51,252 [Mule.app.deployer.monitor.1.thread.1] INFO  org.mule.processor.SedaStageLifecycleManager - Initialising service: vmprojectFlow1.stage1
2019-03-05 22:22:51,256 [Mule.app.deployer.monitor.1.thread.1] INFO  org.mule.util.journal.TransactionJournal - Using files for tx logs C:\Mule Practise\Pradyu\.mule\.\.mule\vmproject\queue-tx-log\tx1.log and C:\Mule Practise\Pradyu\.mule\.\.mule\vmproject\queue-tx-log\tx2.log
2019-03-05 22:22:51,258 [Mule.app.deployer.monitor.1.thread.1] INFO  org.mule.util.journal.TransactionJournal - Using files for tx logs C:\Mule Practise\Pradyu\.mule\.\.mule\vmproject\queue-xa-tx-log\tx1.log and C:\Mule Practise\Pradyu\.mule\.\.mule\vmproject\queue-xa-tx-log\tx2.log
2019-03-05 22:22:51,327 [Mule.app.deployer.monitor.1.thread.1] INFO  org.mule.config.spring.SpringXmlConfigurationBuilder - Configured Mule using "org.mule.config.spring.SpringXmlConfigurationBuilder" with configuration resource(s): "[ConfigResource{resourceName='C:\Mule Practise\Pradyu\.mule\apps\vmproject\vmproject.xml'}]"
2019-03-05 22:22:51,328 [Mule.app.deployer.monitor.1.thread.1] INFO  org.mule.config.builders.AutoConfigurationBuilder - Configured Mule using "org.mule.config.builders.AutoConfigurationBuilder" with configuration resource(s): "[ConfigResource{resourceName='C:\Mule Practise\Pradyu\.mule\apps\vmproject\vmproject.xml'}]"
2019-03-05 22:22:51,328 [Mule.app.deployer.monitor.1.thread.1] INFO  org.mule.module.launcher.application.DefaultMuleApplication - 
++++++++++++++++++++++++++++++++++++++++++++++++++++++++++++
+ Starting app 'vmproject'                                 +
++++++++++++++++++++++++++++++++++++++++++++++++++++++++++++
2019-03-05 22:22:51,328 [Mule.app.deployer.monitor.1.thread.1] INFO  org.mule.util.queue.QueueXaResourceManager - Starting ResourceManager
2019-03-05 22:22:51,332 [Mule.app.deployer.monitor.1.thread.1] INFO  org.mule.util.queue.QueueXaResourceManager - Started ResourceManager
2019-03-05 22:22:51,356 [Mule.app.deployer.monitor.1.thread.1] INFO  org.mule.module.http.internal.listener.DefaultHttpListenerConfig - Listening for requests on http://0.0.0.0:8081
2019-03-05 22:22:51,358 [Mule.app.deployer.monitor.1.thread.1] INFO  org.mule.modules.oauth2.provider.agents.DefaultSplashScreenAgent - 
++++++++++++++++++++++++++++++++++++++++++++++++++++++++++++++++++++++++++++++++
+ DevKit Extensions (0) used in this application 
                             +
++++++++++++++++++++++++++++++++++++++++++++++++++++++++++++++++++++++++++++++++
2019-03-05 22:22:51,363 [Mule.app.deployer.monitor.1.thread.1] INFO  org.mule.lifecycle.AbstractLifecycleManager - Starting model: _muleSystemModel
2019-03-05 22:22:51,364 [Mule.app.deployer.monitor.1.thread.1] INFO  org.mule.construct.FlowConstructLifecycleManager - Starting flow: vmprojectFlow
2019-03-05 22:22:51,365 [Mule.app.deployer.monitor.1.thread.1] INFO  org.mule.processor.SedaStageLifecycleManager - Starting service: vmprojectFlow.stage1
2019-03-05 22:22:51,373 [Mule.app.deployer.monitor.1.thread.1] INFO  org.mule.construct.FlowConstructLifecycleManager - Starting flow: vmprojectFlow1
2019-03-05 22:22:51,374 [Mule.app.deployer.monitor.1.thread.1] INFO  org.mule.processor.SedaStageLifecycleManager - Starting service: vmprojectFlow1.stage1
2019-03-05 22:22:51,395 [Mule.app.deployer.monitor.1.thread.1] INFO  org.mule.module.management.agent.WrapperManagerAgent - This JVM hasn't been launched by the wrapper, the agent will not run.
2019-03-05 22:22:51,402 [Mule.app.deployer.monitor.1.thread.1] INFO  org.mule.DefaultMuleContext - 
**********************************************************************
* Application: vmproject                                             *
* OS encoding: \, Mule encoding: UTF-8                               *
*                                                                    *
* Agents Running:                                                    *
*   JMX Agent                                                        *
*   DevKit Extension Information                                     *
*   Batch module default engine                                      *
*   Wrapper Manager                                                  *
**********************************************************************
2019-03-05 22:23:09,177 [main] INFO  org.mule.module.launcher.application.DefaultMuleApplication - 
++++++++++++++++++++++++++++++++++++++++++++++++++++++++++++
+ Initializing app 'vmproject'                             +
++++++++++++++++++++++++++++++++++++++++++++++++++++++++++++
2019-03-05 22:23:09,584 [main] INFO  org.mule.lifecycle.AbstractLifecycleManager - Initialising RegistryBroker
2019-03-05 22:23:09,733 [main] INFO  org.mule.module.extension.internal.manager.DefaultExtensionManager - Starting discovery of extensions
2019-03-05 22:23:09,910 [main] INFO  org.mule.module.extension.internal.manager.DefaultExtensionManager - Discovered 1 extensions
2019-03-05 22:23:09,910 [main] INFO  org.mule.module.extension.internal.manager.DefaultExtensionManager - Registering extension validation (version 3.7)
2019-03-05 22:23:10,012 [main] INFO  org.mule.config.spring.MuleArtifactContext - Refreshing org.mule.config.spring.MuleArtifactContext@54dcfa5a: startup date [Tue Mar 05 22:23:10 GMT 2019]; root of context hierarchy
2019-03-05 22:23:11,612 [main] INFO  org.mule.config.spring.processors.NoDevkitInjectorProcessor - JSR-330 'javax.inject.Inject' annotation found and supported for autowiring
2019-03-05 22:23:12,665 [main] WARN  org.mule.module.ognl.expression.OgnlExpressionEvaluator - OGNL module is deprecated and will be removed in Mule 4.0. Use MEL expressions instead.
2019-03-05 22:23:13,729 [main] INFO  org.mule.lifecycle.AbstractLifecycleManager - Initialising model: _muleSystemModel
2019-03-05 22:23:13,734 [main] INFO  org.mule.construct.FlowConstructLifecycleManager - Initialising flow: vmprojectFlow
2019-03-05 22:23:13,736 [main] INFO  org.mule.exception.DefaultMessagingExceptionStrategy - Initialising exception listener: org.mule.exception.DefaultMessagingExceptionStrategy@2af69643
2019-03-05 22:23:13,771 [main] INFO  org.mule.processor.SedaStageLifecycleManager - Initialising service: vmprojectFlow.stage1
2019-03-05 22:23:13,785 [main] INFO  org.mule.construct.FlowConstructLifecycleManager - Initialising flow: vmprojectFlow1
2019-03-05 22:23:13,785 [main] INFO  org.mule.exception.DefaultMessagingExceptionStrategy - Initialising exception listener: org.mule.exception.DefaultMessagingExceptionStrategy@4f0f7849
2019-03-05 22:23:13,797 [main] INFO  org.mule.processor.SedaStageLifecycleManager - Initialising service: vmprojectFlow1.stage1
2019-03-05 22:23:13,819 [main] INFO  org.mule.util.journal.TransactionJournal - Using files for tx logs C:\Mule Practise\Pradyu\.mule\.\.mule\vmproject\queue-tx-log\tx1.log and C:\Mule Practise\Pradyu\.mule\.\.mule\vmproject\queue-tx-log\tx2.log
2019-03-05 22:23:13,832 [main] INFO  org.mule.util.journal.TransactionJournal - Using files for tx logs C:\Mule Practise\Pradyu\.mule\.\.mule\vmproject\queue-xa-tx-log\tx1.log and C:\Mule Practise\Pradyu\.mule\.\.mule\vmproject\queue-xa-tx-log\tx2.log
2019-03-05 22:23:14,163 [main] INFO  org.mule.config.spring.SpringXmlConfigurationBuilder - Configured Mule using "org.mule.config.spring.SpringXmlConfigurationBuilder" with configuration resource(s): "[ConfigResource{resourceName='C:\Mule Practise\Pradyu\.mule\apps\vmproject\vmproject.xml'}]"
2019-03-05 22:23:14,163 [main] INFO  org.mule.config.builders.AutoConfigurationBuilder - Configured Mule using "org.mule.config.builders.AutoConfigurationBuilder" with configuration resource(s): "[ConfigResource{resourceName='C:\Mule Practise\Pradyu\.mule\apps\vmproject\vmproject.xml'}]"
2019-03-05 22:23:14,166 [main] INFO  org.mule.module.launcher.application.DefaultMuleApplication - 
++++++++++++++++++++++++++++++++++++++++++++++++++++++++++++
+ Starting app 'vmproject'                                 +
++++++++++++++++++++++++++++++++++++++++++++++++++++++++++++
2019-03-05 22:23:14,169 [main] INFO  org.mule.util.queue.QueueXaResourceManager - Starting ResourceManager
2019-03-05 22:23:14,170 [main] INFO  org.mule.util.queue.QueueXaResourceManager - Started ResourceManager
2019-03-05 22:23:14,241 [main] INFO  org.mule.module.http.internal.listener.DefaultHttpListenerConfig - Listening for requests on http://0.0.0.0:8081
2019-03-05 22:23:14,250 [main] INFO  org.mule.modules.oauth2.provider.agents.DefaultSplashScreenAgent - 
++++++++++++++++++++++++++++++++++++++++++++++++++++++++++++++++++++++++++++++++
+ DevKit Extensions (0) used in this application 
                             +
++++++++++++++++++++++++++++++++++++++++++++++++++++++++++++++++++++++++++++++++
2019-03-05 22:23:14,252 [main] INFO  org.mule.lifecycle.AbstractLifecycleManager - Starting model: _muleSystemModel
2019-03-05 22:23:14,257 [main] INFO  org.mule.construct.FlowConstructLifecycleManager - Starting flow: vmprojectFlow
2019-03-05 22:23:14,259 [main] INFO  org.mule.processor.SedaStageLifecycleManager - Starting service: vmprojectFlow.stage1
2019-03-05 22:23:14,269 [main] INFO  org.mule.construct.FlowConstructLifecycleManager - Starting flow: vmprojectFlow1
2019-03-05 22:23:14,271 [main] INFO  org.mule.processor.SedaStageLifecycleManager - Starting service: vmprojectFlow1.stage1
2019-03-05 22:23:14,341 [main] INFO  org.mule.module.management.agent.WrapperManagerAgent - This JVM hasn't been launched by the wrapper, the agent will not run.
2019-03-05 22:23:14,389 [main] INFO  org.mule.DefaultMuleContext - 
**********************************************************************
* Application: vmproject                                             *
* OS encoding: \, Mule encoding: UTF-8                               *
*                                                                    *
* Agents Running:                                                    *
*   JMX Agent                                                        *
*   DevKit Extension Information                                     *
*   Batch module default engine                                      *
*   Wrapper Manager                                                  *
**********************************************************************
2019-03-05 22:25:33,490 [main] INFO  org.mule.module.launcher.application.DefaultMuleApplication - 
++++++++++++++++++++++++++++++++++++++++++++++++++++++++++++
+ Initializing app 'vmproject'                             +
++++++++++++++++++++++++++++++++++++++++++++++++++++++++++++
2019-03-05 22:25:33,900 [main] INFO  org.mule.lifecycle.AbstractLifecycleManager - Initialising RegistryBroker
2019-03-05 22:25:34,034 [main] INFO  org.mule.module.extension.internal.manager.DefaultExtensionManager - Starting discovery of extensions
2019-03-05 22:25:34,166 [main] INFO  org.mule.module.extension.internal.manager.DefaultExtensionManager - Discovered 1 extensions
2019-03-05 22:25:34,166 [main] INFO  org.mule.module.extension.internal.manager.DefaultExtensionManager - Registering extension validation (version 3.7)
2019-03-05 22:25:34,236 [main] INFO  org.mule.config.spring.MuleArtifactContext - Refreshing org.mule.config.spring.MuleArtifactContext@54dcfa5a: startup date [Tue Mar 05 22:25:34 GMT 2019]; root of context hierarchy
2019-03-05 22:25:35,835 [main] INFO  org.mule.config.spring.processors.NoDevkitInjectorProcessor - JSR-330 'javax.inject.Inject' annotation found and supported for autowiring
2019-03-05 22:25:36,902 [main] WARN  org.mule.module.ognl.expression.OgnlExpressionEvaluator - OGNL module is deprecated and will be removed in Mule 4.0. Use MEL expressions instead.
2019-03-05 22:25:37,899 [main] INFO  org.mule.lifecycle.AbstractLifecycleManager - Initialising model: _muleSystemModel
2019-03-05 22:25:37,905 [main] INFO  org.mule.construct.FlowConstructLifecycleManager - Initialising flow: vmprojectFlow
2019-03-05 22:25:37,906 [main] INFO  org.mule.exception.DefaultMessagingExceptionStrategy - Initialising exception listener: org.mule.exception.DefaultMessagingExceptionStrategy@2af69643
2019-03-05 22:25:37,949 [main] INFO  org.mule.processor.SedaStageLifecycleManager - Initialising service: vmprojectFlow.stage1
2019-03-05 22:25:37,959 [main] INFO  org.mule.construct.FlowConstructLifecycleManager - Initialising flow: vmprojectFlow1
2019-03-05 22:25:37,959 [main] INFO  org.mule.exception.DefaultMessagingExceptionStrategy - Initialising exception listener: org.mule.exception.DefaultMessagingExceptionStrategy@4f0f7849
2019-03-05 22:25:37,968 [main] INFO  org.mule.processor.SedaStageLifecycleManager - Initialising service: vmprojectFlow1.stage1
2019-03-05 22:25:37,988 [main] INFO  org.mule.util.journal.TransactionJournal - Using files for tx logs C:\Mule Practise\Pradyu\.mule\.\.mule\vmproject\queue-tx-log\tx1.log and C:\Mule Practise\Pradyu\.mule\.\.mule\vmproject\queue-tx-log\tx2.log
2019-03-05 22:25:37,998 [main] INFO  org.mule.util.journal.TransactionJournal - Using files for tx logs C:\Mule Practise\Pradyu\.mule\.\.mule\vmproject\queue-xa-tx-log\tx1.log and C:\Mule Practise\Pradyu\.mule\.\.mule\vmproject\queue-xa-tx-log\tx2.log
2019-03-05 22:25:38,286 [main] INFO  org.mule.config.spring.SpringXmlConfigurationBuilder - Configured Mule using "org.mule.config.spring.SpringXmlConfigurationBuilder" with configuration resource(s): "[ConfigResource{resourceName='C:\Mule Practise\Pradyu\.mule\apps\vmproject\vmproject.xml'}]"
2019-03-05 22:25:38,286 [main] INFO  org.mule.config.builders.AutoConfigurationBuilder - Configured Mule using "org.mule.config.builders.AutoConfigurationBuilder" with configuration resource(s): "[ConfigResource{resourceName='C:\Mule Practise\Pradyu\.mule\apps\vmproject\vmproject.xml'}]"
2019-03-05 22:25:38,290 [main] INFO  org.mule.module.launcher.application.DefaultMuleApplication - 
++++++++++++++++++++++++++++++++++++++++++++++++++++++++++++
+ Starting app 'vmproject'                                 +
++++++++++++++++++++++++++++++++++++++++++++++++++++++++++++
2019-03-05 22:25:38,290 [main] INFO  org.mule.util.queue.QueueXaResourceManager - Starting ResourceManager
2019-03-05 22:25:38,290 [main] INFO  org.mule.util.queue.QueueXaResourceManager - Started ResourceManager
2019-03-05 22:25:38,373 [main] INFO  org.mule.module.http.internal.listener.DefaultHttpListenerConfig - Listening for requests on http://0.0.0.0:8081
2019-03-05 22:25:38,388 [main] INFO  org.mule.modules.oauth2.provider.agents.DefaultSplashScreenAgent - 
++++++++++++++++++++++++++++++++++++++++++++++++++++++++++++++++++++++++++++++++
+ DevKit Extensions (0) used in this application 
                             +
++++++++++++++++++++++++++++++++++++++++++++++++++++++++++++++++++++++++++++++++
2019-03-05 22:25:38,389 [main] INFO  org.mule.lifecycle.AbstractLifecycleManager - Starting model: _muleSystemModel
2019-03-05 22:25:38,396 [main] INFO  org.mule.construct.FlowConstructLifecycleManager - Starting flow: vmprojectFlow
2019-03-05 22:25:38,397 [main] INFO  org.mule.processor.SedaStageLifecycleManager - Starting service: vmprojectFlow.stage1
2019-03-05 22:25:38,413 [main] INFO  org.mule.construct.FlowConstructLifecycleManager - Starting flow: vmprojectFlow1
2019-03-05 22:25:38,417 [main] INFO  org.mule.processor.SedaStageLifecycleManager - Starting service: vmprojectFlow1.stage1
2019-03-05 22:25:38,476 [main] INFO  org.mule.module.management.agent.WrapperManagerAgent - This JVM hasn't been launched by the wrapper, the agent will not run.
2019-03-05 22:25:38,513 [main] INFO  org.mule.DefaultMuleContext - 
**********************************************************************
* Application: vmproject                                             *
* OS encoding: \, Mule encoding: UTF-8                               *
*                                                                    *
* Agents Running:                                                    *
*   JMX Agent                                                        *
*   DevKit Extension Information                                     *
*   Batch module default engine                                      *
*   Wrapper Manager                                                  *
**********************************************************************
